{"contracts\\T3Token.sol":{"l":{"21":0,"25":0,"26":0,"33":0,"37":0,"39":0,"40":0,"41":0,"42":0,"44":0,"47":0,"61":0,"62":0,"65":0,"66":0,"69":0,"70":0,"71":0,"75":0,"76":0,"77":0,"80":0,"83":0,"84":0,"87":0,"90":0,"98":0,"99":0},"path":"C:\\Users\\jesse\\OneDrive\\T3 Project\\T3-Base\\T3-Contract\\contracts\\T3Token.sol","s":{"1":0,"2":0,"3":0,"4":0,"5":0,"6":0,"7":0,"8":0,"9":0,"10":0,"11":0,"12":0,"13":0,"14":0,"15":0,"16":0,"17":0,"18":0,"19":0},"b":{"1":[0,0],"2":[0,0],"3":[0,0],"4":[0,0],"5":[0,0],"6":[0,0],"7":[0,0],"8":[0,0],"9":[0,0],"10":[0,0]},"f":{"1":0,"2":0,"3":0,"4":0},"fnMap":{"1":{"name":"constructor","line":20,"loc":{"start":{"line":20,"column":4},"end":{"line":22,"column":4}}},"2":{"name":"transfer","line":24,"loc":{"start":{"line":24,"column":4},"end":{"line":34,"column":4}}},"3":{"name":"reverseTransfer","line":36,"loc":{"start":{"line":36,"column":4},"end":{"line":48,"column":4}}},"4":{"name":"transferWithHalfLife","line":59,"loc":{"start":{"line":59,"column":4},"end":{"line":100,"column":4}}}},"statementMap":{"1":{"start":{"line":21,"column":8},"end":{"line":21,"column":54}},"2":{"start":{"line":25,"column":8},"end":{"line":25,"column":49}},"3":{"start":{"line":33,"column":8},"end":{"line":33,"column":19}},"4":{"start":{"line":37,"column":8},"end":{"line":37,"column":57}},"5":{"start":{"line":39,"column":8},"end":{"line":39,"column":93}},"6":{"start":{"line":40,"column":8},"end":{"line":40,"column":74}},"7":{"start":{"line":41,"column":8},"end":{"line":41,"column":76}},"8":{"start":{"line":42,"column":8},"end":{"line":42,"column":76}},"9":{"start":{"line":44,"column":8},"end":{"line":44,"column":34}},"10":{"start":{"line":61,"column":8},"end":{"line":61,"column":65}},"11":{"start":{"line":62,"column":8},"end":{"line":62,"column":43}},"12":{"start":{"line":65,"column":8},"end":{"line":65,"column":63}},"13":{"start":{"line":66,"column":8},"end":{"line":66,"column":73}},"14":{"start":{"line":69,"column":8},"end":{"line":69,"column":2591}},"15":{"start":{"line":80,"column":8},"end":{"line":80,"column":89}},"16":{"start":{"line":83,"column":8},"end":{"line":83,"column":76}},"17":{"start":{"line":84,"column":8},"end":{"line":84,"column":93}},"18":{"start":{"line":87,"column":8},"end":{"line":87,"column":40}},"19":{"start":{"line":99,"column":8},"end":{"line":99,"column":19}}},"branchMap":{"1":{"line":39,"type":"if","locations":[{"start":{"line":39,"column":8},"end":{"line":39,"column":8}},{"start":{"line":39,"column":8},"end":{"line":39,"column":8}}]},"2":{"line":39,"type":"cond-expr","locations":[{"start":{"line":39,"column":16},"end":{"line":39,"column":33}},{"start":{"line":39,"column":38},"end":{"line":39,"column":53}}]},"3":{"line":40,"type":"if","locations":[{"start":{"line":40,"column":8},"end":{"line":40,"column":8}},{"start":{"line":40,"column":8},"end":{"line":40,"column":8}}]},"4":{"line":41,"type":"if","locations":[{"start":{"line":41,"column":8},"end":{"line":41,"column":8}},{"start":{"line":41,"column":8},"end":{"line":41,"column":8}}]},"5":{"line":42,"type":"if","locations":[{"start":{"line":42,"column":8},"end":{"line":42,"column":8}},{"start":{"line":42,"column":8},"end":{"line":42,"column":8}}]},"6":{"line":66,"type":"if","locations":[{"start":{"line":66,"column":42},"end":{"line":66,"column":68}},{"start":{"line":66,"column":72},"end":{"line":66,"column":72}}]},"7":{"line":69,"type":"if","locations":[{"start":{"line":69,"column":8},"end":{"line":69,"column":8}},{"start":{"line":69,"column":8},"end":{"line":69,"column":8}}]},"8":{"line":80,"type":"if","locations":[{"start":{"line":80,"column":81},"end":{"line":80,"column":84}},{"start":{"line":80,"column":88},"end":{"line":80,"column":88}}]},"9":{"line":83,"type":"if","locations":[{"start":{"line":83,"column":53},"end":{"line":83,"column":60}},{"start":{"line":83,"column":64},"end":{"line":83,"column":75}}]},"10":{"line":84,"type":"if","locations":[{"start":{"line":84,"column":65},"end":{"line":84,"column":81}},{"start":{"line":84,"column":85},"end":{"line":84,"column":92}}]}}}}