{"contracts\\T3Token.sol":{"l":{"79":58,"80":58,"83":58,"86":58,"97":122,"98":121,"100":120,"107":120,"108":120,"112":120,"114":0,"119":120,"123":120,"127":120,"131":120,"134":120,"135":120,"137":119,"141":120,"142":120,"144":0,"149":120,"151":0,"157":120,"161":120,"165":120,"167":119,"173":120,"176":120,"179":120,"191":120,"194":120,"196":120,"208":130,"209":130,"210":130,"211":130,"212":130,"213":130,"214":130,"215":130,"216":596,"217":596,"218":596,"219":596,"220":596,"225":596,"226":596,"227":596,"228":596,"229":596,"230":0,"231":0,"234":0,"236":596,"237":596,"238":596,"240":130,"257":120,"260":120,"264":120,"268":120,"271":120,"284":488,"293":488,"298":488,"299":488,"304":488,"305":0,"310":488,"311":488,"312":0,"318":488,"319":488,"320":1,"327":488,"337":120,"344":120,"348":58,"351":62,"354":1,"355":1,"362":1,"366":61,"367":61,"368":61,"369":61,"376":61,"395":119,"396":119,"397":119,"402":119,"404":119,"405":119,"411":119,"413":119,"414":119,"430":120,"431":120,"432":120,"433":120,"434":120,"436":120,"437":120,"438":1,"439":1,"440":1,"443":120,"445":120,"455":120,"456":120,"470":0,"471":0,"472":0,"473":0,"474":0,"475":0,"476":0,"477":0,"478":0,"479":0,"480":0,"481":0,"490":0,"491":0,"492":0,"493":0,"494":0,"495":0,"496":0,"497":0,"498":0,"499":0,"500":0,"501":0,"502":0,"503":0,"506":0,"507":0,"508":0,"509":0,"520":241,"525":241,"526":116,"529":241,"530":0,"531":0,"535":241,"545":1,"547":1,"558":0},"path":"C:\\Users\\jesse\\OneDrive\\T3 Project\\T3-Base\\T3-Contract\\contracts\\T3Token.sol","s":{"1":58,"2":58,"3":122,"4":121,"5":120,"6":120,"7":120,"8":120,"9":0,"10":120,"11":120,"12":120,"13":120,"14":120,"15":120,"16":120,"17":120,"18":120,"19":120,"20":120,"21":120,"22":119,"23":120,"24":120,"25":120,"26":120,"27":130,"28":0,"29":130,"30":130,"31":130,"32":130,"33":130,"34":130,"35":130,"36":596,"37":596,"38":596,"39":596,"40":596,"41":596,"42":596,"43":596,"44":0,"45":596,"46":130,"47":120,"48":120,"49":120,"50":120,"51":120,"52":488,"53":488,"54":488,"55":488,"56":488,"57":488,"58":488,"59":488,"60":488,"61":120,"62":120,"63":58,"64":62,"65":1,"66":61,"67":61,"68":61,"69":119,"70":119,"71":119,"72":119,"73":119,"74":120,"75":120,"76":120,"77":120,"78":120,"79":120,"80":1,"81":1,"82":1,"83":120,"84":120,"85":120,"86":120,"87":120,"88":0,"89":0,"90":0,"91":0,"92":0,"93":0,"94":0,"95":0,"96":0,"97":0,"98":0,"99":0,"100":0,"101":0,"102":0,"103":0,"104":0,"105":0,"106":0,"107":0,"108":0,"109":0,"110":0,"111":241,"112":241,"113":241,"114":241,"115":1,"116":0,"117":2,"118":3,"119":2,"120":3,"121":2,"122":2,"123":2},"b":{"1":[58,0],"2":[121,1],"3":[120,1],"4":[0,120],"5":[119,1],"6":[0,120],"7":[0,120],"8":[119,1],"9":[0,130],"10":[0,596],"11":[0,596],"12":[466,130],"13":[0,596],"14":[0,0],"15":[0,596],"16":[0,120],"17":[488,0],"18":[0,488],"19":[0,488],"20":[1,487],"21":[58,62],"22":[1,61],"23":[119,0],"24":[120,0],"25":[0,120],"26":[1,119],"27":[1,0],"28":[0,1],"29":[0,120],"30":[0,120],"31":[0,120],"32":[0,0],"33":[0,0],"34":[0,0],"35":[0,0],"36":[0,0],"37":[0,0],"38":[0,0],"39":[0,0],"40":[0,0],"41":[0,0],"42":[116,125],"43":[0,241],"44":[1,1],"45":[2,1],"46":[1,1],"47":[3,1],"48":[2,1],"49":[1,1],"50":[3,1],"51":[2,1],"52":[1,1],"53":[2,1],"54":[1,1],"55":[2,1],"56":[1,1]},"f":{"1":58,"2":122,"3":130,"4":120,"5":488,"6":120,"7":119,"8":120,"9":120,"10":0,"11":0,"12":241,"13":1,"14":0,"15":2,"16":3,"17":3,"18":2,"19":2},"fnMap":{"1":{"name":"constructor","line":78,"loc":{"start":{"line":78,"column":4},"end":{"line":88,"column":4}}},"2":{"name":"transfer","line":96,"loc":{"start":{"line":96,"column":4},"end":{"line":197,"column":4}}},"3":{"name":"calculateTieredFee","line":206,"loc":{"start":{"line":206,"column":4},"end":{"line":241,"column":4}}},"4":{"name":"applyRiskAdjustments","line":250,"loc":{"start":{"line":250,"column":4},"end":{"line":272,"column":4}}},"5":{"name":"calculateRiskFactor","line":279,"loc":{"start":{"line":279,"column":4},"end":{"line":328,"column":4}}},"6":{"name":"applyCredits","line":336,"loc":{"start":{"line":336,"column":4},"end":{"line":378,"column":4}}},"7":{"name":"processFee","line":387,"loc":{"start":{"line":387,"column":4},"end":{"line":419,"column":4}}},"8":{"name":"calculateAdaptiveHalfLife","line":428,"loc":{"start":{"line":428,"column":4},"end":{"line":446,"column":4}}},"9":{"name":"updateRollingAverage","line":453,"loc":{"start":{"line":453,"column":4},"end":{"line":460,"column":4}}},"10":{"name":"reverseTransfer","line":468,"loc":{"start":{"line":468,"column":4},"end":{"line":482,"column":4}}},"11":{"name":"checkHalfLifeExpiry","line":488,"loc":{"start":{"line":488,"column":4},"end":{"line":510,"column":4}}},"12":{"name":"updateWalletRiskProfile","line":518,"loc":{"start":{"line":518,"column":4},"end":{"line":537,"column":4}}},"13":{"name":"flagAbnormalTransaction","line":543,"loc":{"start":{"line":543,"column":4},"end":{"line":550,"column":4}}},"14":{"name":"getAvailableCredits","line":557,"loc":{"start":{"line":557,"column":4},"end":{"line":559,"column":4}}},"15":{"name":"setTreasuryAddress","line":562,"loc":{"start":{"line":562,"column":4},"end":{"line":562,"column":191}}},"16":{"name":"setHalfLifeDuration","line":563,"loc":{"start":{"line":563,"column":4},"end":{"line":563,"column":255}}},"17":{"name":"setMinHalfLifeDuration","line":564,"loc":{"start":{"line":564,"column":4},"end":{"line":564,"column":264}}},"18":{"name":"setMaxHalfLifeDuration","line":565,"loc":{"start":{"line":565,"column":4},"end":{"line":565,"column":203}}},"19":{"name":"setInactivityResetPeriod","line":566,"loc":{"start":{"line":566,"column":4},"end":{"line":566,"column":203}}}},"statementMap":{"1":{"start":{"line":79,"column":8},"end":{"line":79,"column":81}},"2":{"start":{"line":83,"column":8},"end":{"line":83,"column":52}},"3":{"start":{"line":97,"column":8},"end":{"line":97,"column":67}},"4":{"start":{"line":98,"column":8},"end":{"line":98,"column":71}},"5":{"start":{"line":100,"column":8},"end":{"line":100,"column":37}},"6":{"start":{"line":107,"column":8},"end":{"line":107,"column":52}},"7":{"start":{"line":108,"column":8},"end":{"line":108,"column":55}},"8":{"start":{"line":112,"column":8},"end":{"line":112,"column":4534}},"9":{"start":{"line":114,"column":12},"end":{"line":114,"column":85}},"10":{"start":{"line":119,"column":8},"end":{"line":119,"column":65}},"11":{"start":{"line":123,"column":8},"end":{"line":123,"column":92}},"12":{"start":{"line":127,"column":8},"end":{"line":127,"column":68}},"13":{"start":{"line":131,"column":8},"end":{"line":131,"column":42}},"14":{"start":{"line":134,"column":8},"end":{"line":134,"column":72}},"15":{"start":{"line":135,"column":8},"end":{"line":135,"column":5690}},"16":{"start":{"line":141,"column":8},"end":{"line":141,"column":37}},"17":{"start":{"line":142,"column":8},"end":{"line":142,"column":5992}},"18":{"start":{"line":149,"column":8},"end":{"line":149,"column":6360}},"19":{"start":{"line":157,"column":8},"end":{"line":157,"column":45}},"20":{"start":{"line":161,"column":8},"end":{"line":161,"column":46}},"21":{"start":{"line":165,"column":8},"end":{"line":165,"column":6999}},"22":{"start":{"line":167,"column":12},"end":{"line":167,"column":58}},"23":{"start":{"line":176,"column":8},"end":{"line":176,"column":87}},"24":{"start":{"line":191,"column":8},"end":{"line":191,"column":46}},"25":{"start":{"line":194,"column":8},"end":{"line":194,"column":68}},"26":{"start":{"line":196,"column":8},"end":{"line":196,"column":19}},"27":{"start":{"line":208,"column":8},"end":{"line":208,"column":33}},"28":{"start":{"line":208,"column":25},"end":{"line":208,"column":33}},"29":{"start":{"line":209,"column":8},"end":{"line":209,"column":38}},"30":{"start":{"line":210,"column":8},"end":{"line":210,"column":40}},"31":{"start":{"line":211,"column":8},"end":{"line":211,"column":28}},"32":{"start":{"line":212,"column":8},"end":{"line":212,"column":49}},"33":{"start":{"line":213,"column":8},"end":{"line":213,"column":29}},"34":{"start":{"line":214,"column":8},"end":{"line":214,"column":52}},"35":{"start":{"line":215,"column":8},"end":{"line":215,"column":9058}},"36":{"start":{"line":216,"column":12},"end":{"line":216,"column":32}},"37":{"start":{"line":217,"column":12},"end":{"line":217,"column":54}},"38":{"start":{"line":218,"column":12},"end":{"line":218,"column":46}},"39":{"start":{"line":219,"column":12},"end":{"line":219,"column":36}},"40":{"start":{"line":220,"column":12},"end":{"line":220,"column":9280}},"41":{"start":{"line":225,"column":12},"end":{"line":225,"column":79}},"42":{"start":{"line":228,"column":13},"end":{"line":228,"column":68}},"43":{"start":{"line":229,"column":13},"end":{"line":229,"column":9727}},"44":{"start":{"line":230,"column":17},"end":{"line":230,"column":9847}},"45":{"start":{"line":238,"column":12},"end":{"line":238,"column":49}},"46":{"start":{"line":240,"column":8},"end":{"line":240,"column":23}},"47":{"start":{"line":257,"column":8},"end":{"line":257,"column":62}},"48":{"start":{"line":260,"column":8},"end":{"line":260,"column":68}},"49":{"start":{"line":264,"column":8},"end":{"line":264,"column":108}},"50":{"start":{"line":268,"column":8},"end":{"line":268,"column":67}},"51":{"start":{"line":271,"column":8},"end":{"line":271,"column":26}},"52":{"start":{"line":284,"column":8},"end":{"line":284,"column":70}},"53":{"start":{"line":293,"column":8},"end":{"line":293,"column":41}},"54":{"start":{"line":298,"column":8},"end":{"line":298,"column":12743}},"55":{"start":{"line":304,"column":8},"end":{"line":304,"column":13012}},"56":{"start":{"line":310,"column":8},"end":{"line":310,"column":62}},"57":{"start":{"line":311,"column":8},"end":{"line":311,"column":13375}},"58":{"start":{"line":318,"column":8},"end":{"line":318,"column":63}},"59":{"start":{"line":319,"column":8},"end":{"line":319,"column":13758}},"60":{"start":{"line":327,"column":8},"end":{"line":327,"column":25}},"61":{"start":{"line":337,"column":8},"end":{"line":337,"column":67}},"62":{"start":{"line":344,"column":8},"end":{"line":344,"column":14835}},"63":{"start":{"line":348,"column":12},"end":{"line":348,"column":22}},"64":{"start":{"line":351,"column":8},"end":{"line":351,"column":15082}},"65":{"start":{"line":362,"column":12},"end":{"line":362,"column":20}},"66":{"start":{"line":366,"column":12},"end":{"line":366,"column":48}},"67":{"start":{"line":367,"column":12},"end":{"line":367,"column":52}},"68":{"start":{"line":376,"column":12},"end":{"line":376,"column":31}},"69":{"start":{"line":395,"column":8},"end":{"line":395,"column":45}},"70":{"start":{"line":396,"column":8},"end":{"line":396,"column":17220}},"71":{"start":{"line":397,"column":13},"end":{"line":397,"column":49}},"72":{"start":{"line":402,"column":8},"end":{"line":402,"column":43}},"73":{"start":{"line":411,"column":8},"end":{"line":411,"column":72}},"74":{"start":{"line":430,"column":8},"end":{"line":430,"column":43}},"75":{"start":{"line":431,"column":8},"end":{"line":431,"column":68}},"76":{"start":{"line":432,"column":8},"end":{"line":432,"column":19051}},"77":{"start":{"line":433,"column":12},"end":{"line":433,"column":71}},"78":{"start":{"line":436,"column":8},"end":{"line":436,"column":60}},"79":{"start":{"line":437,"column":8},"end":{"line":437,"column":19282}},"80":{"start":{"line":438,"column":13},"end":{"line":438,"column":19321}},"81":{"start":{"line":439,"column":16},"end":{"line":439,"column":63}},"82":{"start":{"line":440,"column":16},"end":{"line":440,"column":72}},"83":{"start":{"line":443,"column":8},"end":{"line":443,"column":19590}},"84":{"start":{"line":444,"column":13},"end":{"line":444,"column":83}},"85":{"start":{"line":445,"column":8},"end":{"line":445,"column":23}},"86":{"start":{"line":455,"column":9},"end":{"line":455,"column":61}},"87":{"start":{"line":456,"column":8},"end":{"line":456,"column":20072}},"88":{"start":{"line":470,"column":8},"end":{"line":470,"column":74}},"89":{"start":{"line":471,"column":8},"end":{"line":471,"column":58}},"90":{"start":{"line":472,"column":8},"end":{"line":472,"column":74}},"91":{"start":{"line":473,"column":8},"end":{"line":473,"column":76}},"92":{"start":{"line":474,"column":8},"end":{"line":474,"column":76}},"93":{"start":{"line":475,"column":8},"end":{"line":475,"column":61}},"94":{"start":{"line":477,"column":8},"end":{"line":477,"column":49}},"95":{"start":{"line":478,"column":8},"end":{"line":478,"column":47}},"96":{"start":{"line":479,"column":8},"end":{"line":479,"column":34}},"97":{"start":{"line":481,"column":8},"end":{"line":481,"column":47}},"98":{"start":{"line":490,"column":8},"end":{"line":490,"column":60}},"99":{"start":{"line":491,"column":8},"end":{"line":491,"column":67}},"100":{"start":{"line":492,"column":8},"end":{"line":492,"column":83}},"101":{"start":{"line":493,"column":8},"end":{"line":493,"column":57}},"102":{"start":{"line":494,"column":8},"end":{"line":494,"column":40}},"103":{"start":{"line":495,"column":8},"end":{"line":495,"column":22008}},"104":{"start":{"line":496,"column":12},"end":{"line":496,"column":46}},"105":{"start":{"line":497,"column":12},"end":{"line":497,"column":22091}},"106":{"start":{"line":502,"column":16},"end":{"line":502,"column":74}},"107":{"start":{"line":503,"column":16},"end":{"line":503,"column":65}},"108":{"start":{"line":506,"column":8},"end":{"line":506,"column":51}},"109":{"start":{"line":507,"column":8},"end":{"line":507,"column":60}},"110":{"start":{"line":509,"column":8},"end":{"line":509,"column":53}},"111":{"start":{"line":520,"column":8},"end":{"line":520,"column":70}},"112":{"start":{"line":525,"column":8},"end":{"line":525,"column":23498}},"113":{"start":{"line":529,"column":8},"end":{"line":529,"column":23709}},"114":{"start":{"line":535,"column":8},"end":{"line":535,"column":67}},"115":{"start":{"line":545,"column":8},"end":{"line":545,"column":52}},"116":{"start":{"line":558,"column":8},"end":{"line":558,"column":46}},"117":{"start":{"line":562,"column":79},"end":{"line":562,"column":152}},"118":{"start":{"line":563,"column":81},"end":{"line":563,"column":146}},"119":{"start":{"line":563,"column":149},"end":{"line":563,"column":214}},"120":{"start":{"line":564,"column":87},"end":{"line":564,"column":143}},"121":{"start":{"line":564,"column":146},"end":{"line":564,"column":217}},"122":{"start":{"line":565,"column":87},"end":{"line":565,"column":156}},"123":{"start":{"line":566,"column":91},"end":{"line":566,"column":152}}},"branchMap":{"1":{"line":79,"type":"if","locations":[{"start":{"line":79,"column":8},"end":{"line":79,"column":8}},{"start":{"line":79,"column":8},"end":{"line":79,"column":8}}]},"2":{"line":97,"type":"if","locations":[{"start":{"line":97,"column":8},"end":{"line":97,"column":8}},{"start":{"line":97,"column":8},"end":{"line":97,"column":8}}]},"3":{"line":98,"type":"if","locations":[{"start":{"line":98,"column":8},"end":{"line":98,"column":8}},{"start":{"line":98,"column":8},"end":{"line":98,"column":8}}]},"4":{"line":112,"type":"if","locations":[{"start":{"line":112,"column":8},"end":{"line":112,"column":8}},{"start":{"line":112,"column":8},"end":{"line":112,"column":8}}]},"5":{"line":135,"type":"if","locations":[{"start":{"line":135,"column":8},"end":{"line":135,"column":8}},{"start":{"line":135,"column":8},"end":{"line":135,"column":8}}]},"6":{"line":142,"type":"if","locations":[{"start":{"line":142,"column":8},"end":{"line":142,"column":8}},{"start":{"line":142,"column":8},"end":{"line":142,"column":8}}]},"7":{"line":149,"type":"if","locations":[{"start":{"line":149,"column":8},"end":{"line":149,"column":8}},{"start":{"line":149,"column":8},"end":{"line":149,"column":8}}]},"8":{"line":165,"type":"if","locations":[{"start":{"line":165,"column":8},"end":{"line":165,"column":8}},{"start":{"line":165,"column":8},"end":{"line":165,"column":8}}]},"9":{"line":208,"type":"if","locations":[{"start":{"line":208,"column":8},"end":{"line":208,"column":8}},{"start":{"line":208,"column":8},"end":{"line":208,"column":8}}]},"10":{"line":218,"type":"if","locations":[{"start":{"line":218,"column":12},"end":{"line":218,"column":12}},{"start":{"line":218,"column":12},"end":{"line":218,"column":12}}]},"11":{"line":219,"type":"if","locations":[{"start":{"line":219,"column":12},"end":{"line":219,"column":12}},{"start":{"line":219,"column":12},"end":{"line":219,"column":12}}]},"12":{"line":220,"type":"if","locations":[{"start":{"line":220,"column":12},"end":{"line":220,"column":12}},{"start":{"line":220,"column":12},"end":{"line":220,"column":12}}]},"13":{"line":229,"type":"if","locations":[{"start":{"line":229,"column":13},"end":{"line":229,"column":13}},{"start":{"line":229,"column":13},"end":{"line":229,"column":13}}]},"14":{"line":230,"type":"if","locations":[{"start":{"line":230,"column":17},"end":{"line":230,"column":17}},{"start":{"line":230,"column":17},"end":{"line":230,"column":17}}]},"15":{"line":238,"type":"if","locations":[{"start":{"line":238,"column":12},"end":{"line":238,"column":12}},{"start":{"line":238,"column":12},"end":{"line":238,"column":12}}]},"16":{"line":264,"type":"if","locations":[{"start":{"line":264,"column":70},"end":{"line":264,"column":85}},{"start":{"line":264,"column":89},"end":{"line":264,"column":107}}]},"17":{"line":298,"type":"if","locations":[{"start":{"line":298,"column":8},"end":{"line":298,"column":8}},{"start":{"line":298,"column":8},"end":{"line":298,"column":8}}]},"18":{"line":304,"type":"if","locations":[{"start":{"line":304,"column":8},"end":{"line":304,"column":8}},{"start":{"line":304,"column":8},"end":{"line":304,"column":8}}]},"19":{"line":311,"type":"if","locations":[{"start":{"line":311,"column":8},"end":{"line":311,"column":8}},{"start":{"line":311,"column":8},"end":{"line":311,"column":8}}]},"20":{"line":319,"type":"if","locations":[{"start":{"line":319,"column":8},"end":{"line":319,"column":8}},{"start":{"line":319,"column":8},"end":{"line":319,"column":8}}]},"21":{"line":344,"type":"if","locations":[{"start":{"line":344,"column":8},"end":{"line":344,"column":8}},{"start":{"line":344,"column":8},"end":{"line":344,"column":8}}]},"22":{"line":351,"type":"if","locations":[{"start":{"line":351,"column":8},"end":{"line":351,"column":8}},{"start":{"line":351,"column":8},"end":{"line":351,"column":8}}]},"23":{"line":396,"type":"if","locations":[{"start":{"line":396,"column":8},"end":{"line":396,"column":8}},{"start":{"line":396,"column":8},"end":{"line":396,"column":8}}]},"24":{"line":432,"type":"if","locations":[{"start":{"line":432,"column":8},"end":{"line":432,"column":8}},{"start":{"line":432,"column":8},"end":{"line":432,"column":8}}]},"25":{"line":433,"type":"if","locations":[{"start":{"line":433,"column":54},"end":{"line":433,"column":55}},{"start":{"line":433,"column":59},"end":{"line":433,"column":70}}]},"26":{"line":437,"type":"if","locations":[{"start":{"line":437,"column":8},"end":{"line":437,"column":8}},{"start":{"line":437,"column":8},"end":{"line":437,"column":8}}]},"27":{"line":438,"type":"if","locations":[{"start":{"line":438,"column":13},"end":{"line":438,"column":13}},{"start":{"line":438,"column":13},"end":{"line":438,"column":13}}]},"28":{"line":440,"type":"if","locations":[{"start":{"line":440,"column":16},"end":{"line":440,"column":16}},{"start":{"line":440,"column":16},"end":{"line":440,"column":16}}]},"29":{"line":443,"type":"if","locations":[{"start":{"line":443,"column":8},"end":{"line":443,"column":8}},{"start":{"line":443,"column":8},"end":{"line":443,"column":8}}]},"30":{"line":444,"type":"if","locations":[{"start":{"line":444,"column":13},"end":{"line":444,"column":13}},{"start":{"line":444,"column":13},"end":{"line":444,"column":13}}]},"31":{"line":456,"type":"if","locations":[{"start":{"line":456,"column":8},"end":{"line":456,"column":8}},{"start":{"line":456,"column":8},"end":{"line":456,"column":8}}]},"32":{"line":470,"type":"if","locations":[{"start":{"line":470,"column":8},"end":{"line":470,"column":8}},{"start":{"line":470,"column":8},"end":{"line":470,"column":8}}]},"33":{"line":472,"type":"if","locations":[{"start":{"line":472,"column":8},"end":{"line":472,"column":8}},{"start":{"line":472,"column":8},"end":{"line":472,"column":8}}]},"34":{"line":473,"type":"if","locations":[{"start":{"line":473,"column":8},"end":{"line":473,"column":8}},{"start":{"line":473,"column":8},"end":{"line":473,"column":8}}]},"35":{"line":474,"type":"if","locations":[{"start":{"line":474,"column":8},"end":{"line":474,"column":8}},{"start":{"line":474,"column":8},"end":{"line":474,"column":8}}]},"36":{"line":475,"type":"if","locations":[{"start":{"line":475,"column":8},"end":{"line":475,"column":8}},{"start":{"line":475,"column":8},"end":{"line":475,"column":8}}]},"37":{"line":491,"type":"if","locations":[{"start":{"line":491,"column":8},"end":{"line":491,"column":8}},{"start":{"line":491,"column":8},"end":{"line":491,"column":8}}]},"38":{"line":492,"type":"if","locations":[{"start":{"line":492,"column":8},"end":{"line":492,"column":8}},{"start":{"line":492,"column":8},"end":{"line":492,"column":8}}]},"39":{"line":493,"type":"if","locations":[{"start":{"line":493,"column":8},"end":{"line":493,"column":8}},{"start":{"line":493,"column":8},"end":{"line":493,"column":8}}]},"40":{"line":495,"type":"if","locations":[{"start":{"line":495,"column":8},"end":{"line":495,"column":8}},{"start":{"line":495,"column":8},"end":{"line":495,"column":8}}]},"41":{"line":497,"type":"if","locations":[{"start":{"line":497,"column":12},"end":{"line":497,"column":12}},{"start":{"line":497,"column":12},"end":{"line":497,"column":12}}]},"42":{"line":525,"type":"if","locations":[{"start":{"line":525,"column":8},"end":{"line":525,"column":8}},{"start":{"line":525,"column":8},"end":{"line":525,"column":8}}]},"43":{"line":529,"type":"if","locations":[{"start":{"line":529,"column":8},"end":{"line":529,"column":8}},{"start":{"line":529,"column":8},"end":{"line":529,"column":8}}]},"44":{"line":543,"type":"if","locations":[{"start":{"line":543,"column":62},"end":{"line":543,"column":62}},{"start":{"line":543,"column":62},"end":{"line":543,"column":62}}]},"45":{"line":562,"type":"if","locations":[{"start":{"line":562,"column":67},"end":{"line":562,"column":67}},{"start":{"line":562,"column":67},"end":{"line":562,"column":67}}]},"46":{"line":562,"type":"if","locations":[{"start":{"line":562,"column":79},"end":{"line":562,"column":79}},{"start":{"line":562,"column":79},"end":{"line":562,"column":79}}]},"47":{"line":563,"type":"if","locations":[{"start":{"line":563,"column":69},"end":{"line":563,"column":69}},{"start":{"line":563,"column":69},"end":{"line":563,"column":69}}]},"48":{"line":563,"type":"if","locations":[{"start":{"line":563,"column":81},"end":{"line":563,"column":81}},{"start":{"line":563,"column":81},"end":{"line":563,"column":81}}]},"49":{"line":563,"type":"if","locations":[{"start":{"line":563,"column":149},"end":{"line":563,"column":149}},{"start":{"line":563,"column":149},"end":{"line":563,"column":149}}]},"50":{"line":564,"type":"if","locations":[{"start":{"line":564,"column":75},"end":{"line":564,"column":75}},{"start":{"line":564,"column":75},"end":{"line":564,"column":75}}]},"51":{"line":564,"type":"if","locations":[{"start":{"line":564,"column":87},"end":{"line":564,"column":87}},{"start":{"line":564,"column":87},"end":{"line":564,"column":87}}]},"52":{"line":564,"type":"if","locations":[{"start":{"line":564,"column":146},"end":{"line":564,"column":146}},{"start":{"line":564,"column":146},"end":{"line":564,"column":146}}]},"53":{"line":565,"type":"if","locations":[{"start":{"line":565,"column":75},"end":{"line":565,"column":75}},{"start":{"line":565,"column":75},"end":{"line":565,"column":75}}]},"54":{"line":565,"type":"if","locations":[{"start":{"line":565,"column":87},"end":{"line":565,"column":87}},{"start":{"line":565,"column":87},"end":{"line":565,"column":87}}]},"55":{"line":566,"type":"if","locations":[{"start":{"line":566,"column":79},"end":{"line":566,"column":79}},{"start":{"line":566,"column":79},"end":{"line":566,"column":79}}]},"56":{"line":566,"type":"if","locations":[{"start":{"line":566,"column":91},"end":{"line":566,"column":91}},{"start":{"line":566,"column":91},"end":{"line":566,"column":91}}]}}}}