{
"contracts\\T3Token.sol":{"l":{"77":23,"78":23,"81":23,"84":23,"94":55,"95":55,"98":55,"100":0,"104":55,"107":55,"110":55,"113":55,"114":55,"115":55,"119":55,"120":0,"124":55,"125":55,"128":55,"129":55,"133":55,"136":55,"139":55,"150":55,"152":55,"153":55,"165":63,"167":63,"169":63,"170":63,"173":63,"175":63,"176":63,"178":63,"179":326,"180":326,"183":326,"185":326,"186":263,"187":263,"189":63,"190":63,"193":326,"194":326,"196":326,"199":326,"200":326,"203":0,"204":0,"205":0,"206":0,"208":0,"210":326,"213":326,"215":326,"219":0,"220":0,"225":63,"236":55,"237":55,"240":55,"243":55,"252":112,"255":112,"258":112,"259":50,"263":112,"264":2,"268":112,"271":112,"273":112,"283":55,"285":55,"286":23,"289":32,"291":0,"292":0,"293":0,"296":32,"297":32,"298":32,"299":32,"312":55,"313":55,"316":55,"317":55,"318":55,"321":55,"322":55,"323":55,"334":55,"337":55,"338":55,"340":55,"341":55,"345":55,"346":55,"347":7,"348":7,"350":0,"355":55,"356":0,"358":0,"361":55,"370":55,"373":55,"374":0,"375":0,"379":55,"380":55,"381":55,"391":1,"393":1,"394":1,"395":1,"396":1,"399":1,"402":1,"403":1,"406":1,"409":1,"411":1,"419":0,"421":0,"422":0,"423":0,"426":0,"428":0,"429":0,"432":0,"433":0,"435":0,"436":0,"438":0,"439":0,"443":0,"444":0,"447":0,"449":0,"459":2,"462":2,"463":2,"466":2,"467":2,"468":2,"473":2,"481":0,"482":0,"491":6,"499":0,"500":0,"508":0,"509":0,"510":0,"518":0,"519":0,"520":0,"528":0,"529":0,"537":0,"538":0},"path":"C:\\Users\\jesse\\OneDrive\\T3 Project\\T3-Base\\T3-Contract\\contracts\\T3Token.sol","s":{"1":23,"2":23,"3":55,"4":55,"5":55,"6":0,"7":55,"8":55,"9":55,"10":55,"11":55,"12":55,"13":55,"14":55,"15":55,"16":55,"17":55,"18":55,"19":63,"20":0,"21":63,"22":63,"23":63,"24":63,"25":63,"26":63,"27":63,"28":326,"29":326,"30":326,"31":326,"32":326,"33":326,"34":326,"35":0,"36":326,"37":63,"38":55,"39":55,"40":55,"41":55,"42":112,"43":112,"44":112,"45":112,"46":112,"47":55,"48":55,"49":23,"50":32,"51":0,"52":32,"53":32,"54":55,"55":55,"56":55,"57":55,"58":55,"59":55,"60":55,"61":55,"62":55,"63":55,"64":7,"65":7,"66":55,"67":55,"68":55,"69":55,"70":55,"71":1,"72":1,"73":1,"74":1,"75":1,"76":1,"77":1,"78":1,"79":1,"80":0,"81":0,"82":0,"83":0,"84":0,"85":0,"86":0,"87":0,"88":0,"89":0,"90":0,"91":0,"92":2,"93":2,"94":2,"95":2,"96":0,"97":6,"98":0,"99":0,"100":0,"101":0,"102":0,"103":0,"104":0},"b":{"1":[23,0],"2":[55,0],"3":[55,0],"4":[0,55],"5":[55,0],"6":[0,55],"7":[55,0],"8":[0,63],"9":[0,326],"10":[263,63],"11":[0,326],"12":[0,0],"13":[0,326],"14":[48,7],"15":[50,62],"16":[2,110],"17":[23,32],"18":[0,32],"19":[55,0],"20":[0,55],"21":[7,48],"22":[0,7],"23":[0,55],"24":[0,55],"25":[0,55],"26":[1,0],"27":[1,0],"28":[1,0],"29":[1,0],"30":[1,0],"31":[0,0],"32":[0,0],"33":[0,0],"34":[0,0],"35":[2,0],"36":[2,0],"37":[0,0],"38":[0,0],"39":[0,0],"40":[0,0],"41":[0,0],"42":[0,0],"43":[0,0],"44":[0,0],"45":[0,0],"46":[0,0],"47":[0,0],"48":[0,0],"49":[0,0]},"f":{"1":23,"2":55,"3":63,"4":55,"5":112,"6":55,"7":55,"8":55,"9":55,"10":1,"11":0,"12":2,"13":0,"14":6,"15":0,"16":0,"17":0,"18":0,"19":0},"fnMap":{"1":{"name":"constructor","line":76,"loc":{"start":{"line":76,"column":4},"end":{"line":85,"column":4}}},"2":{"name":"transfer","line":93,"loc":{"start":{"line":93,"column":4},"end":{"line":154,"column":4}}},"3":{"name":"calculateTieredFee","line":164,"loc":{"start":{"line":164,"column":4},"end":{"line":226,"column":4}}},"4":{"name":"applyRiskAdjustments","line":235,"loc":{"start":{"line":235,"column":4},"end":{"line":244,"column":4}}},"5":{"name":"calculateRiskFactor","line":251,"loc":{"start":{"line":251,"column":4},"end":{"line":274,"column":4}}},"6":{"name":"applyCredits","line":282,"loc":{"start":{"line":282,"column":4},"end":{"line":301,"column":4}}},"7":{"name":"processFee","line":310,"loc":{"start":{"line":310,"column":4},"end":{"line":324,"column":4}}},"8":{"name":"calculateAdaptiveHalfLife","line":333,"loc":{"start":{"line":333,"column":4},"end":{"line":362,"column":4}}},"9":{"name":"updateRollingAverage","line":369,"loc":{"start":{"line":369,"column":4},"end":{"line":382,"column":4}}},"10":{"name":"reverseTransfer","line":390,"loc":{"start":{"line":390,"column":4},"end":{"line":412,"column":4}}},"11":{"name":"checkHalfLifeExpiry","line":418,"loc":{"start":{"line":418,"column":4},"end":{"line":450,"column":4}}},"12":{"name":"updateWalletRiskProfile","line":458,"loc":{"start":{"line":458,"column":4},"end":{"line":474,"column":4}}},"13":{"name":"flagAbnormalTransaction","line":480,"loc":{"start":{"line":480,"column":4},"end":{"line":483,"column":4}}},"14":{"name":"getAvailableCredits","line":490,"loc":{"start":{"line":490,"column":4},"end":{"line":492,"column":4}}},"15":{"name":"setTreasuryAddress","line":498,"loc":{"start":{"line":498,"column":4},"end":{"line":501,"column":4}}},"16":{"name":"setHalfLifeDuration","line":507,"loc":{"start":{"line":507,"column":4},"end":{"line":511,"column":4}}},"17":{"name":"setMinHalfLifeDuration","line":517,"loc":{"start":{"line":517,"column":4},"end":{"line":521,"column":4}}},"18":{"name":"setMaxHalfLifeDuration","line":527,"loc":{"start":{"line":527,"column":4},"end":{"line":530,"column":4}}},"19":{"name":"setInactivityResetPeriod","line":536,"loc":{"start":{"line":536,"column":4},"end":{"line":539,"column":4}}}},"statementMap":{"1":{"start":{"line":77,"column":8},"end":{"line":77,"column":81}},"2":{"start":{"line":81,"column":8},"end":{"line":81,"column":52}},"3":{"start":{"line":94,"column":8},"end":{"line":94,"column":67}},"4":{"start":{"line":95,"column":8},"end":{"line":95,"column":71}},"5":{"start":{"line":98,"column":8},"end":{"line":98,"column":3793}},"6":{"start":{"line":100,"column":12},"end":{"line":100,"column":85}},"7":{"start":{"line":104,"column":8},"end":{"line":104,"column":54}},"8":{"start":{"line":113,"column":8},"end":{"line":113,"column":72}},"9":{"start":{"line":114,"column":8},"end":{"line":114,"column":4526}},"10":{"start":{"line":119,"column":8},"end":{"line":119,"column":4659}},"11":{"start":{"line":124,"column":8},"end":{"line":124,"column":46}},"12":{"start":{"line":125,"column":8},"end":{"line":125,"column":52}},"13":{"start":{"line":128,"column":8},"end":{"line":128,"column":4974}},"14":{"start":{"line":129,"column":12},"end":{"line":129,"column":65}},"15":{"start":{"line":136,"column":8},"end":{"line":136,"column":93}},"16":{"start":{"line":150,"column":8},"end":{"line":150,"column":46}},"17":{"start":{"line":152,"column":8},"end":{"line":152,"column":75}},"18":{"start":{"line":153,"column":8},"end":{"line":153,"column":19}},"19":{"start":{"line":165,"column":8},"end":{"line":165,"column":33}},"20":{"start":{"line":165,"column":25},"end":{"line":165,"column":33}},"21":{"start":{"line":167,"column":8},"end":{"line":167,"column":38}},"22":{"start":{"line":169,"column":8},"end":{"line":169,"column":40}},"23":{"start":{"line":170,"column":8},"end":{"line":170,"column":28}},"24":{"start":{"line":173,"column":8},"end":{"line":173,"column":49}},"25":{"start":{"line":175,"column":8},"end":{"line":175,"column":29}},"26":{"start":{"line":176,"column":8},"end":{"line":176,"column":52}},"27":{"start":{"line":178,"column":8},"end":{"line":178,"column":6893}},"28":{"start":{"line":179,"column":12},"end":{"line":179,"column":32}},"29":{"start":{"line":180,"column":12},"end":{"line":180,"column":54}},"30":{"start":{"line":183,"column":12},"end":{"line":183,"column":46}},"31":{"start":{"line":185,"column":12},"end":{"line":185,"column":7204}},"32":{"start":{"line":193,"column":12},"end":{"line":193,"column":79}},"33":{"start":{"line":199,"column":13},"end":{"line":199,"column":68}},"34":{"start":{"line":200,"column":13},"end":{"line":200,"column":7857}},"35":{"start":{"line":203,"column":17},"end":{"line":203,"column":8133}},"36":{"start":{"line":215,"column":12},"end":{"line":215,"column":8612}},"37":{"start":{"line":225,"column":8},"end":{"line":225,"column":23}},"38":{"start":{"line":236,"column":8},"end":{"line":236,"column":62}},"39":{"start":{"line":237,"column":8},"end":{"line":237,"column":68}},"40":{"start":{"line":240,"column":8},"end":{"line":240,"column":108}},"41":{"start":{"line":243,"column":8},"end":{"line":243,"column":52}},"42":{"start":{"line":252,"column":8},"end":{"line":252,"column":70}},"43":{"start":{"line":255,"column":8},"end":{"line":255,"column":41}},"44":{"start":{"line":258,"column":8},"end":{"line":258,"column":10408}},"45":{"start":{"line":263,"column":8},"end":{"line":263,"column":10593}},"46":{"start":{"line":273,"column":8},"end":{"line":273,"column":25}},"47":{"start":{"line":283,"column":8},"end":{"line":283,"column":67}},"48":{"start":{"line":285,"column":8},"end":{"line":285,"column":11371}},"49":{"start":{"line":286,"column":12},"end":{"line":286,"column":22}},"50":{"start":{"line":289,"column":8},"end":{"line":289,"column":11449}},"51":{"start":{"line":293,"column":12},"end":{"line":293,"column":20}},"52":{"start":{"line":296,"column":12},"end":{"line":296,"column":55}},"53":{"start":{"line":299,"column":12},"end":{"line":299,"column":31}},"54":{"start":{"line":312,"column":8},"end":{"line":312,"column":45}},"55":{"start":{"line":313,"column":8},"end":{"line":313,"column":44}},"56":{"start":{"line":316,"column":8},"end":{"line":316,"column":43}},"57":{"start":{"line":321,"column":8},"end":{"line":321,"column":72}},"58":{"start":{"line":334,"column":8},"end":{"line":334,"column":43}},"59":{"start":{"line":337,"column":8},"end":{"line":337,"column":68}},"60":{"start":{"line":338,"column":8},"end":{"line":338,"column":13467}},"61":{"start":{"line":340,"column":12},"end":{"line":340,"column":71}},"62":{"start":{"line":345,"column":8},"end":{"line":345,"column":60}},"63":{"start":{"line":346,"column":8},"end":{"line":346,"column":13850}},"64":{"start":{"line":347,"column":12},"end":{"line":347,"column":59}},"65":{"start":{"line":348,"column":12},"end":{"line":348,"column":13948}},"66":{"start":{"line":355,"column":8},"end":{"line":355,"column":14177}},"67":{"start":{"line":357,"column":15},"end":{"line":357,"column":14274}},"68":{"start":{"line":361,"column":8},"end":{"line":361,"column":23}},"69":{"start":{"line":370,"column":8},"end":{"line":370,"column":60}},"70":{"start":{"line":373,"column":8},"end":{"line":373,"column":14757}},"71":{"start":{"line":391,"column":8},"end":{"line":391,"column":57}},"72":{"start":{"line":393,"column":8},"end":{"line":393,"column":93}},"73":{"start":{"line":394,"column":8},"end":{"line":394,"column":74}},"74":{"start":{"line":395,"column":8},"end":{"line":395,"column":76}},"75":{"start":{"line":396,"column":8},"end":{"line":396,"column":76}},"76":{"start":{"line":402,"column":8},"end":{"line":402,"column":49}},"77":{"start":{"line":403,"column":8},"end":{"line":403,"column":47}},"78":{"start":{"line":406,"column":8},"end":{"line":406,"column":34}},"79":{"start":{"line":411,"column":8},"end":{"line":411,"column":47}},"80":{"start":{"line":419,"column":8},"end":{"line":419,"column":60}},"81":{"start":{"line":421,"column":8},"end":{"line":421,"column":67}},"82":{"start":{"line":422,"column":8},"end":{"line":422,"column":83}},"83":{"start":{"line":423,"column":8},"end":{"line":423,"column":57}},"84":{"start":{"line":426,"column":8},"end":{"line":426,"column":16796}},"85":{"start":{"line":428,"column":12},"end":{"line":428,"column":53}},"86":{"start":{"line":429,"column":12},"end":{"line":429,"column":56}},"87":{"start":{"line":438,"column":12},"end":{"line":438,"column":70}},"88":{"start":{"line":439,"column":12},"end":{"line":439,"column":64}},"89":{"start":{"line":443,"column":8},"end":{"line":443,"column":51}},"90":{"start":{"line":444,"column":8},"end":{"line":444,"column":60}},"91":{"start":{"line":449,"column":8},"end":{"line":449,"column":53}},"92":{"start":{"line":459,"column":8},"end":{"line":459,"column":70}},"93":{"start":{"line":462,"column":8},"end":{"line":462,"column":18322}},"94":{"start":{"line":466,"column":8},"end":{"line":466,"column":18434}},"95":{"start":{"line":473,"column":8},"end":{"line":473,"column":67}},"96":{"start":{"line":482,"column":8},"end":{"line":482,"column":67}},"97":{"start":{"line":491,"column":8},"end":{"line":491,"column":46}},"98":{"start":{"line":499,"column":8},"end":{"line":499,"column":81}},"99":{"start":{"line":508,"column":8},"end":{"line":508,"column":91}},"100":{"start":{"line":509,"column":8},"end":{"line":509,"column":91}},"101":{"start":{"line":518,"column":8},"end":{"line":518,"column":77}},"102":{"start":{"line":519,"column":8},"end":{"line":519,"column":89}},"103":{"start":{"line":528,"column":8},"end":{"line":528,"column":91}},"104":{"start":{"line":537,"column":8},"end":{"line":537,"column":80}}},"branchMap":{"1":{"line":77,"type":"if","locations":[{"start":{"line":77,"column":8},"end":{"line":77,"column":8}},{"start":{"line":77,"column":8},"end":{"line":77,"column":8}}]},"2":{"line":94,"type":"if","locations":[{"start":{"line":94,"column":8},"end":{"line":94,"column":8}},{"start":{"line":94,"column":8},"end":{"line":94,"column":8}}]},"3":{"line":95,"type":"if","locations":[{"start":{"line":95,"column":8},"end":{"line":95,"column":8}},{"start":{"line":95,"column":8},"end":{"line":95,"column":8}}]},"4":{"line":98,"type":"if","locations":[{"start":{"line":98,"column":8},"end":{"line":98,"column":8}},{"start":{"line":98,"column":8},"end":{"line":98,"column":8}}]},"5":{"line":114,"type":"if","locations":[{"start":{"line":114,"column":8},"end":{"line":114,"column":8}},{"start":{"line":114,"column":8},"end":{"line":114,"column":8}}]},"6":{"line":119,"type":"if","locations":[{"start":{"line":119,"column":8},"end":{"line":119,"column":8}},{"start":{"line":119,"column":8},"end":{"line":119,"column":8}}]},"7":{"line":128,"type":"if","locations":[{"start":{"line":128,"column":8},"end":{"line":128,"column":8}},{"start":{"line":128,"column":8},"end":{"line":128,"column":8}}]},"8":{"line":165,"type":"if","locations":[{"start":{"line":165,"column":8},"end":{"line":165,"column":8}},{"start":{"line":165,"column":8},"end":{"line":165,"column":8}}]},"9":{"line":183,"type":"if","locations":[{"start":{"line":183,"column":12},"end":{"line":183,"column":12}},{"start":{"line":183,"column":12},"end":{"line":183,"column":12}}]},"10":{"line":185,"type":"if","locations":[{"start":{"line":185,"column":12},"end":{"line":185,"column":12}},{"start":{"line":185,"column":12},"end":{"line":185,"column":12}}]},"11":{"line":200,"type":"if","locations":[{"start":{"line":200,"column":13},"end":{"line":200,"column":13}},{"start":{"line":200,"column":13},"end":{"line":200,"column":13}}]},"12":{"line":203,"type":"if","locations":[{"start":{"line":203,"column":17},"end":{"line":203,"column":17}},{"start":{"line":203,"column":17},"end":{"line":203,"column":17}}]},"13":{"line":215,"type":"if","locations":[{"start":{"line":215,"column":12},"end":{"line":215,"column":12}},{"start":{"line":215,"column":12},"end":{"line":215,"column":12}}]},"14":{"line":240,"type":"if","locations":[{"start":{"line":240,"column":70},"end":{"line":240,"column":85}},{"start":{"line":240,"column":89},"end":{"line":240,"column":107}}]},"15":{"line":258,"type":"if","locations":[{"start":{"line":258,"column":8},"end":{"line":258,"column":8}},{"start":{"line":258,"column":8},"end":{"line":258,"column":8}}]},"16":{"line":263,"type":"if","locations":[{"start":{"line":263,"column":8},"end":{"line":263,"column":8}},{"start":{"line":263,"column":8},"end":{"line":263,"column":8}}]},"17":{"line":285,"type":"if","locations":[{"start":{"line":285,"column":8},"end":{"line":285,"column":8}},{"start":{"line":285,"column":8},"end":{"line":285,"column":8}}]},"18":{"line":289,"type":"if","locations":[{"start":{"line":289,"column":8},"end":{"line":289,"column":8}},{"start":{"line":289,"column":8},"end":{"line":289,"column":8}}]},"19":{"line":338,"type":"if","locations":[{"start":{"line":338,"column":8},"end":{"line":338,"column":8}},{"start":{"line":338,"column":8},"end":{"line":338,"column":8}}]},"20":{"line":340,"type":"if","locations":[{"start":{"line":340,"column":54},"end":{"line":340,"column":55}},{"start":{"line":340,"column":59},"end":{"line":340,"column":70}}]},"21":{"line":346,"type":"if","locations":[{"start":{"line":346,"column":8},"end":{"line":346,"column":8}},{"start":{"line":346,"column":8},"end":{"line":346,"column":8}}]},"22":{"line":348,"type":"if","locations":[{"start":{"line":348,"column":12},"end":{"line":348,"column":12}},{"start":{"line":348,"column":12},"end":{"line":348,"column":12}}]},"23":{"line":355,"type":"if","locations":[{"start":{"line":355,"column":8},"end":{"line":355,"column":8}},{"start":{"line":355,"column":8},"end":{"line":355,"column":8}}]},"24":{"line":357,"type":"if","locations":[{"start":{"line":357,"column":15},"end":{"line":357,"column":15}},{"start":{"line":357,"column":15},"end":{"line":357,"column":15}}]},"25":{"line":373,"type":"if","locations":[{"start":{"line":373,"column":8},"end":{"line":373,"column":8}},{"start":{"line":373,"column":8},"end":{"line":373,"column":8}}]},"26":{"line":393,"type":"if","locations":[{"start":{"line":393,"column":8},"end":{"line":393,"column":8}},{"start":{"line":393,"column":8},"end":{"line":393,"column":8}}]},"27":{"line":393,"type":"cond-expr","locations":[{"start":{"line":393,"column":16},"end":{"line":393,"column":33}},{"start":{"line":393,"column":38},"end":{"line":393,"column":53}}]},"28":{"line":394,"type":"if","locations":[{"start":{"line":394,"column":8},"end":{"line":394,"column":8}},{"start":{"line":394,"column":8},"end":{"line":394,"column":8}}]},"29":{"line":395,"type":"if","locations":[{"start":{"line":395,"column":8},"end":{"line":395,"column":8}},{"start":{"line":395,"column":8},"end":{"line":395,"column":8}}]},"30":{"line":396,"type":"if","locations":[{"start":{"line":396,"column":8},"end":{"line":396,"column":8}},{"start":{"line":396,"column":8},"end":{"line":396,"column":8}}]},"31":{"line":421,"type":"if","locations":[{"start":{"line":421,"column":8},"end":{"line":421,"column":8}},{"start":{"line":421,"column":8},"end":{"line":421,"column":8}}]},"32":{"line":422,"type":"if","locations":[{"start":{"line":422,"column":8},"end":{"line":422,"column":8}},{"start":{"line":422,"column":8},"end":{"line":422,"column":8}}]},"33":{"line":423,"type":"if","locations":[{"start":{"line":423,"column":8},"end":{"line":423,"column":8}},{"start":{"line":423,"column":8},"end":{"line":423,"column":8}}]},"34":{"line":426,"type":"if","locations":[{"start":{"line":426,"column":8},"end":{"line":426,"column":8}},{"start":{"line":426,"column":8},"end":{"line":426,"column":8}}]},"35":{"line":462,"type":"if","locations":[{"start":{"line":462,"column":8},"end":{"line":462,"column":8}},{"start":{"line":462,"column":8},"end":{"line":462,"column":8}}]},"36":{"line":466,"type":"if","locations":[{"start":{"line":466,"column":8},"end":{"line":466,"column":8}},{"start":{"line":466,"column":8},"end":{"line":466,"column":8}}]},"37":{"line":480,"type":"if","locations":[{"start":{"line":480,"column":62},"end":{"line":480,"column":62}},{"start":{"line":480,"column":62},"end":{"line":480,"column":62}}]},"38":{"line":498,"type":"if","locations":[{"start":{"line":498,"column":67},"end":{"line":498,"column":67}},{"start":{"line":498,"column":67},"end":{"line":498,"column":67}}]},"39":{"line":499,"type":"if","locations":[{"start":{"line":499,"column":8},"end":{"line":499,"column":8}},{"start":{"line":499,"column":8},"end":{"line":499,"column":8}}]},"40":{"line":507,"type":"if","locations":[{"start":{"line":507,"column":69},"end":{"line":507,"column":69}},{"start":{"line":507,"column":69},"end":{"line":507,"column":69}}]},"41":{"line":508,"type":"if","locations":[{"start":{"line":508,"column":8},"end":{"line":508,"column":8}},{"start":{"line":508,"column":8},"end":{"line":508,"column":8}}]},"42":{"line":509,"type":"if","locations":[{"start":{"line":509,"column":8},"end":{"line":509,"column":8}},{"start":{"line":509,"column":8},"end":{"line":509,"column":8}}]},"43":{"line":517,"type":"if","locations":[{"start":{"line":517,"column":75},"end":{"line":517,"column":75}},{"start":{"line":517,"column":75},"end":{"line":517,"column":75}}]},"44":{"line":518,"type":"if","locations":[{"start":{"line":518,"column":8},"end":{"line":518,"column":8}},{"start":{"line":518,"column":8},"end":{"line":518,"column":8}}]},"45":{"line":519,"type":"if","locations":[{"start":{"line":519,"column":8},"end":{"line":519,"column":8}},{"start":{"line":519,"column":8},"end":{"line":519,"column":8}}]},"46":{"line":527,"type":"if","locations":[{"start":{"line":527,"column":75},"end":{"line":527,"column":75}},{"start":{"line":527,"column":75},"end":{"line":527,"column":75}}]},"47":{"line":528,"type":"if","locations":[{"start":{"line":528,"column":8},"end":{"line":528,"column":8}},{"start":{"line":528,"column":8},"end":{"line":528,"column":8}}]},"48":{"line":536,"type":"if","locations":[{"start":{"line":536,"column":79},"end":{"line":536,"column":79}},{"start":{"line":536,"column":79},"end":{"line":536,"column":79}}]},"49":{"line":537,"type":"if","locations":[{"start":{"line":537,"column":8},"end":{"line":537,"column":8}},{"start":{"line":537,"column":8},"end":{"line":537,"column":8}}]}}},
"contracts\\T3TokenTieredFeeTest.sol":{"l":{"28":0,"42":0,"55":0,"68":0,"81":0,"94":0,"108":0},"path":"C:\\Users\\jesse\\OneDrive\\T3 Project\\T3-Base\\T3-Contract\\contracts\\T3TokenTieredFeeTest.sol","s":{"1":0,"2":0,"3":0,"4":0,"5":0,"6":0,"7":0},"b":{},"f":{"1":0,"2":0,"3":0,"4":0,"5":0,"6":0,"7":0},"fnMap":{"1":{"name":"testTieredFeeCalculation","line":14,"loc":{"start":{"line":14,"column":4},"end":{"line":29,"column":4}}},"2":{"name":"testRiskAdjustments","line":34,"loc":{"start":{"line":34,"column":4},"end":{"line":43,"column":4}}},"3":{"name":"testCreditApplication","line":48,"loc":{"start":{"line":48,"column":4},"end":{"line":56,"column":4}}},"4":{"name":"testFeeDistribution","line":61,"loc":{"start":{"line":61,"column":4},"end":{"line":69,"column":4}}},"5":{"name":"testLoyaltyRefunds","line":74,"loc":{"start":{"line":74,"column":4},"end":{"line":82,"column":4}}},"6":{"name":"testFeeBounds","line":87,"loc":{"start":{"line":87,"column":4},"end":{"line":95,"column":4}}},"7":{"name":"testEndToEndTransaction","line":100,"loc":{"start":{"line":100,"column":4},"end":{"line":109,"column":4}}}},"statementMap":{"1":{"start":{"line":28,"column":8},"end":{"line":28,"column":19}},"2":{"start":{"line":42,"column":8},"end":{"line":42,"column":19}},"3":{"start":{"line":55,"column":8},"end":{"line":55,"column":19}},"4":{"start":{"line":68,"column":8},"end":{"line":68,"column":19}},"5":{"start":{"line":81,"column":8},"end":{"line":81,"column":19}},"6":{"start":{"line":94,"column":8},"end":{"line":94,"column":19}},"7":{"start":{"line":108,"column":8},"end":{"line":108,"column":19}}},"branchMap":{}}}
