{
"contracts\\T3Token.sol":{"l":{"79":58,"80":58,"83":58,"86":58,"96":122,"97":121,"99":120,"103":120,"104":120,"108":120,"110":0,"115":120,"118":120,"121":120,"124":120,"125":120,"126":120,"127":119,"129":120,"130":120,"131":0,"135":120,"136":0,"141":120,"144":120,"147":120,"148":119,"152":120,"155":120,"158":120,"169":120,"172":120,"173":120,"182":130,"183":130,"184":130,"185":130,"186":130,"187":130,"188":130,"189":130,"190":596,"191":596,"192":596,"193":596,"194":596,"199":596,"200":596,"201":596,"202":596,"203":596,"204":0,"205":0,"208":0,"210":596,"211":596,"212":596,"214":130,"222":120,"223":120,"224":120,"225":120,"233":488,"234":488,"235":488,"236":488,"237":488,"238":488,"239":488,"247":120,"248":120,"249":62,"250":1,"251":1,"252":1,"254":61,"255":61,"256":61,"257":61,"266":119,"267":119,"268":119,"269":119,"270":119,"271":119,"272":119,"273":119,"281":120,"282":120,"283":120,"284":120,"285":120,"287":120,"288":120,"289":1,"290":1,"291":1,"294":120,"296":120,"304":120,"305":120,"316":0,"317":0,"318":0,"319":0,"320":0,"321":0,"322":0,"323":0,"324":0,"325":0,"326":0,"327":0,"335":0,"336":0,"337":0,"338":0,"339":0,"340":0,"341":0,"342":0,"343":0,"344":0,"345":0,"346":0,"347":0,"348":0,"351":0,"352":0,"353":0,"354":0,"364":241,"369":241,"370":116,"373":241,"374":0,"375":0,"378":241,"387":1,"388":1,"397":0},"path":"C:\\Users\\jesse\\OneDrive\\T3 Project\\T3-Base\\T3-Contract\\contracts\\T3Token.sol","s":{"1":58,"2":58,"3":122,"4":121,"5":120,"6":120,"7":120,"8":120,"9":0,"10":120,"11":120,"12":120,"13":120,"14":120,"15":120,"16":120,"17":120,"18":120,"19":120,"20":120,"21":120,"22":119,"23":120,"24":120,"25":120,"26":120,"27":130,"28":0,"29":130,"30":130,"31":130,"32":130,"33":130,"34":130,"35":130,"36":596,"37":596,"38":596,"39":596,"40":596,"41":596,"42":596,"43":596,"44":0,"45":596,"46":130,"47":120,"48":120,"49":120,"50":120,"51":488,"52":488,"53":488,"54":488,"55":488,"56":120,"57":120,"58":58,"59":62,"60":1,"61":61,"62":61,"63":119,"64":119,"65":119,"66":119,"67":119,"68":120,"69":120,"70":120,"71":120,"72":120,"73":120,"74":1,"75":1,"76":1,"77":120,"78":120,"79":120,"80":120,"81":120,"82":0,"83":0,"84":0,"85":0,"86":0,"87":0,"88":0,"89":0,"90":0,"91":0,"92":0,"93":0,"94":0,"95":0,"96":0,"97":0,"98":0,"99":0,"100":0,"101":0,"102":0,"103":0,"104":0,"105":241,"106":241,"107":241,"108":241,"109":1,"110":0,"111":2,"112":3,"113":2,"114":3,"115":2,"116":2,"117":2},"b":{"1":[58,0],"2":[121,1],"3":[120,1],"4":[0,120],"5":[119,1],"6":[0,120],"7":[0,120],"8":[119,1],"9":[0,130],"10":[0,596],"11":[0,596],"12":[466,130],"13":[0,596],"14":[0,0],"15":[0,596],"16":[0,120],"17":[488,0],"18":[0,488],"19":[58,62],"20":[1,61],"21":[119,0],"22":[120,0],"23":[0,120],"24":[1,119],"25":[1,0],"26":[0,1],"27":[0,120],"28":[0,120],"29":[0,120],"30":[0,0],"31":[0,0],"32":[0,0],"33":[0,0],"34":[0,0],"35":[0,0],"36":[0,0],"37":[0,0],"38":[0,0],"39":[0,0],"40":[116,125],"41":[0,241],"42":[1,1],"43":[2,1],"44":[1,1],"45":[3,1],"46":[2,1],"47":[1,1],"48":[3,1],"49":[2,1],"50":[1,1],"51":[2,1],"52":[1,1],"53":[2,1],"54":[1,1]},"f":{"1":58,"2":122,"3":130,"4":120,"5":488,"6":120,"7":119,"8":120,"9":120,"10":0,"11":0,"12":241,"13":1,"14":0,"15":2,"16":3,"17":3,"18":2,"19":2},"fnMap":{"1":{"name":"constructor","line":78,"loc":{"start":{"line":78,"column":4},"end":{"line":87,"column":4}}},"2":{"name":"transfer","line":95,"loc":{"start":{"line":95,"column":4},"end":{"line":174,"column":4}}},"3":{"name":"calculateTieredFee","line":180,"loc":{"start":{"line":180,"column":4},"end":{"line":215,"column":4}}},"4":{"name":"applyRiskAdjustments","line":220,"loc":{"start":{"line":220,"column":4},"end":{"line":226,"column":4}}},"5":{"name":"calculateRiskFactor","line":231,"loc":{"start":{"line":231,"column":4},"end":{"line":240,"column":4}}},"6":{"name":"applyCredits","line":245,"loc":{"start":{"line":245,"column":4},"end":{"line":259,"column":4}}},"7":{"name":"processFee","line":264,"loc":{"start":{"line":264,"column":4},"end":{"line":274,"column":4}}},"8":{"name":"calculateAdaptiveHalfLife","line":279,"loc":{"start":{"line":279,"column":4},"end":{"line":297,"column":4}}},"9":{"name":"updateRollingAverage","line":302,"loc":{"start":{"line":302,"column":4},"end":{"line":309,"column":4}}},"10":{"name":"reverseTransfer","line":314,"loc":{"start":{"line":314,"column":4},"end":{"line":328,"column":4}}},"11":{"name":"checkHalfLifeExpiry","line":333,"loc":{"start":{"line":333,"column":4},"end":{"line":355,"column":4}}},"12":{"name":"updateWalletRiskProfile","line":362,"loc":{"start":{"line":362,"column":4},"end":{"line":380,"column":4}}},"13":{"name":"flagAbnormalTransaction","line":385,"loc":{"start":{"line":385,"column":4},"end":{"line":391,"column":4}}},"14":{"name":"getAvailableCredits","line":396,"loc":{"start":{"line":396,"column":4},"end":{"line":398,"column":4}}},"15":{"name":"setTreasuryAddress","line":401,"loc":{"start":{"line":401,"column":4},"end":{"line":401,"column":191}}},"16":{"name":"setHalfLifeDuration","line":402,"loc":{"start":{"line":402,"column":4},"end":{"line":402,"column":255}}},"17":{"name":"setMinHalfLifeDuration","line":403,"loc":{"start":{"line":403,"column":4},"end":{"line":403,"column":264}}},"18":{"name":"setMaxHalfLifeDuration","line":404,"loc":{"start":{"line":404,"column":4},"end":{"line":404,"column":203}}},"19":{"name":"setInactivityResetPeriod","line":405,"loc":{"start":{"line":405,"column":4},"end":{"line":405,"column":203}}}},"statementMap":{"1":{"start":{"line":79,"column":8},"end":{"line":79,"column":81}},"2":{"start":{"line":83,"column":8},"end":{"line":83,"column":52}},"3":{"start":{"line":96,"column":8},"end":{"line":96,"column":67}},"4":{"start":{"line":97,"column":8},"end":{"line":97,"column":71}},"5":{"start":{"line":99,"column":8},"end":{"line":99,"column":37}},"6":{"start":{"line":103,"column":8},"end":{"line":103,"column":52}},"7":{"start":{"line":104,"column":8},"end":{"line":104,"column":55}},"8":{"start":{"line":108,"column":8},"end":{"line":108,"column":4325}},"9":{"start":{"line":110,"column":12},"end":{"line":110,"column":85}},"10":{"start":{"line":115,"column":8},"end":{"line":115,"column":65}},"11":{"start":{"line":118,"column":8},"end":{"line":118,"column":92}},"12":{"start":{"line":121,"column":8},"end":{"line":121,"column":68}},"13":{"start":{"line":124,"column":8},"end":{"line":124,"column":42}},"14":{"start":{"line":125,"column":8},"end":{"line":125,"column":72}},"15":{"start":{"line":126,"column":8},"end":{"line":126,"column":5146}},"16":{"start":{"line":129,"column":8},"end":{"line":129,"column":37}},"17":{"start":{"line":130,"column":8},"end":{"line":130,"column":5271}},"18":{"start":{"line":135,"column":8},"end":{"line":135,"column":5460}},"19":{"start":{"line":141,"column":8},"end":{"line":141,"column":45}},"20":{"start":{"line":144,"column":8},"end":{"line":144,"column":46}},"21":{"start":{"line":147,"column":8},"end":{"line":147,"column":5829}},"22":{"start":{"line":148,"column":12},"end":{"line":148,"column":58}},"23":{"start":{"line":155,"column":8},"end":{"line":155,"column":87}},"24":{"start":{"line":169,"column":8},"end":{"line":169,"column":46}},"25":{"start":{"line":172,"column":8},"end":{"line":172,"column":68}},"26":{"start":{"line":173,"column":8},"end":{"line":173,"column":19}},"27":{"start":{"line":182,"column":8},"end":{"line":182,"column":33}},"28":{"start":{"line":182,"column":25},"end":{"line":182,"column":33}},"29":{"start":{"line":183,"column":8},"end":{"line":183,"column":38}},"30":{"start":{"line":184,"column":8},"end":{"line":184,"column":40}},"31":{"start":{"line":185,"column":8},"end":{"line":185,"column":28}},"32":{"start":{"line":186,"column":8},"end":{"line":186,"column":49}},"33":{"start":{"line":187,"column":8},"end":{"line":187,"column":29}},"34":{"start":{"line":188,"column":8},"end":{"line":188,"column":52}},"35":{"start":{"line":189,"column":8},"end":{"line":189,"column":7452}},"36":{"start":{"line":190,"column":12},"end":{"line":190,"column":32}},"37":{"start":{"line":191,"column":12},"end":{"line":191,"column":54}},"38":{"start":{"line":192,"column":12},"end":{"line":192,"column":46}},"39":{"start":{"line":193,"column":12},"end":{"line":193,"column":36}},"40":{"start":{"line":194,"column":12},"end":{"line":194,"column":7674}},"41":{"start":{"line":199,"column":12},"end":{"line":199,"column":79}},"42":{"start":{"line":202,"column":13},"end":{"line":202,"column":68}},"43":{"start":{"line":203,"column":13},"end":{"line":203,"column":8121}},"44":{"start":{"line":204,"column":17},"end":{"line":204,"column":8241}},"45":{"start":{"line":212,"column":12},"end":{"line":212,"column":49}},"46":{"start":{"line":214,"column":8},"end":{"line":214,"column":23}},"47":{"start":{"line":222,"column":8},"end":{"line":222,"column":62}},"48":{"start":{"line":223,"column":8},"end":{"line":223,"column":68}},"49":{"start":{"line":224,"column":8},"end":{"line":224,"column":108}},"50":{"start":{"line":225,"column":8},"end":{"line":225,"column":52}},"51":{"start":{"line":233,"column":8},"end":{"line":233,"column":70}},"52":{"start":{"line":234,"column":8},"end":{"line":234,"column":41}},"53":{"start":{"line":235,"column":8},"end":{"line":235,"column":111}},"54":{"start":{"line":236,"column":8},"end":{"line":236,"column":113}},"55":{"start":{"line":239,"column":8},"end":{"line":239,"column":25}},"56":{"start":{"line":247,"column":8},"end":{"line":247,"column":67}},"57":{"start":{"line":248,"column":8},"end":{"line":248,"column":47}},"58":{"start":{"line":248,"column":35},"end":{"line":248,"column":45}},"59":{"start":{"line":249,"column":8},"end":{"line":249,"column":10246}},"60":{"start":{"line":252,"column":12},"end":{"line":252,"column":20}},"61":{"start":{"line":254,"column":12},"end":{"line":254,"column":55}},"62":{"start":{"line":257,"column":12},"end":{"line":257,"column":31}},"63":{"start":{"line":266,"column":8},"end":{"line":266,"column":45}},"64":{"start":{"line":267,"column":8},"end":{"line":267,"column":72}},"65":{"start":{"line":267,"column":33},"end":{"line":267,"column":69}},"66":{"start":{"line":268,"column":8},"end":{"line":268,"column":43}},"67":{"start":{"line":271,"column":8},"end":{"line":271,"column":72}},"68":{"start":{"line":281,"column":8},"end":{"line":281,"column":43}},"69":{"start":{"line":282,"column":8},"end":{"line":282,"column":68}},"70":{"start":{"line":283,"column":8},"end":{"line":283,"column":11759}},"71":{"start":{"line":284,"column":12},"end":{"line":284,"column":71}},"72":{"start":{"line":287,"column":8},"end":{"line":287,"column":60}},"73":{"start":{"line":288,"column":8},"end":{"line":288,"column":11990}},"74":{"start":{"line":289,"column":13},"end":{"line":289,"column":12029}},"75":{"start":{"line":290,"column":16},"end":{"line":290,"column":63}},"76":{"start":{"line":291,"column":16},"end":{"line":291,"column":72}},"77":{"start":{"line":294,"column":8},"end":{"line":294,"column":12298}},"78":{"start":{"line":295,"column":13},"end":{"line":295,"column":83}},"79":{"start":{"line":296,"column":8},"end":{"line":296,"column":23}},"80":{"start":{"line":304,"column":9},"end":{"line":304,"column":61}},"81":{"start":{"line":305,"column":8},"end":{"line":305,"column":12664}},"82":{"start":{"line":316,"column":8},"end":{"line":316,"column":74}},"83":{"start":{"line":317,"column":8},"end":{"line":317,"column":58}},"84":{"start":{"line":318,"column":8},"end":{"line":318,"column":74}},"85":{"start":{"line":319,"column":8},"end":{"line":319,"column":76}},"86":{"start":{"line":320,"column":8},"end":{"line":320,"column":76}},"87":{"start":{"line":321,"column":8},"end":{"line":321,"column":61}},"88":{"start":{"line":323,"column":8},"end":{"line":323,"column":49}},"89":{"start":{"line":324,"column":8},"end":{"line":324,"column":47}},"90":{"start":{"line":325,"column":8},"end":{"line":325,"column":34}},"91":{"start":{"line":327,"column":8},"end":{"line":327,"column":47}},"92":{"start":{"line":335,"column":8},"end":{"line":335,"column":60}},"93":{"start":{"line":336,"column":8},"end":{"line":336,"column":67}},"94":{"start":{"line":337,"column":8},"end":{"line":337,"column":83}},"95":{"start":{"line":338,"column":8},"end":{"line":338,"column":57}},"96":{"start":{"line":339,"column":8},"end":{"line":339,"column":40}},"97":{"start":{"line":340,"column":8},"end":{"line":340,"column":14315}},"98":{"start":{"line":341,"column":12},"end":{"line":341,"column":46}},"99":{"start":{"line":342,"column":12},"end":{"line":342,"column":14398}},"100":{"start":{"line":347,"column":16},"end":{"line":347,"column":74}},"101":{"start":{"line":348,"column":16},"end":{"line":348,"column":65}},"102":{"start":{"line":351,"column":8},"end":{"line":351,"column":51}},"103":{"start":{"line":352,"column":8},"end":{"line":352,"column":60}},"104":{"start":{"line":354,"column":8},"end":{"line":354,"column":53}},"105":{"start":{"line":364,"column":8},"end":{"line":364,"column":70}},"106":{"start":{"line":369,"column":8},"end":{"line":369,"column":15706}},"107":{"start":{"line":373,"column":8},"end":{"line":373,"column":15917}},"108":{"start":{"line":378,"column":8},"end":{"line":378,"column":67}},"109":{"start":{"line":387,"column":8},"end":{"line":387,"column":52}},"110":{"start":{"line":397,"column":8},"end":{"line":397,"column":46}},"111":{"start":{"line":401,"column":79},"end":{"line":401,"column":152}},"112":{"start":{"line":402,"column":81},"end":{"line":402,"column":146}},"113":{"start":{"line":402,"column":149},"end":{"line":402,"column":214}},"114":{"start":{"line":403,"column":87},"end":{"line":403,"column":143}},"115":{"start":{"line":403,"column":146},"end":{"line":403,"column":217}},"116":{"start":{"line":404,"column":87},"end":{"line":404,"column":156}},"117":{"start":{"line":405,"column":91},"end":{"line":405,"column":152}}},"branchMap":{"1":{"line":79,"type":"if","locations":[{"start":{"line":79,"column":8},"end":{"line":79,"column":8}},{"start":{"line":79,"column":8},"end":{"line":79,"column":8}}]},"2":{"line":96,"type":"if","locations":[{"start":{"line":96,"column":8},"end":{"line":96,"column":8}},{"start":{"line":96,"column":8},"end":{"line":96,"column":8}}]},"3":{"line":97,"type":"if","locations":[{"start":{"line":97,"column":8},"end":{"line":97,"column":8}},{"start":{"line":97,"column":8},"end":{"line":97,"column":8}}]},"4":{"line":108,"type":"if","locations":[{"start":{"line":108,"column":8},"end":{"line":108,"column":8}},{"start":{"line":108,"column":8},"end":{"line":108,"column":8}}]},"5":{"line":126,"type":"if","locations":[{"start":{"line":126,"column":8},"end":{"line":126,"column":8}},{"start":{"line":126,"column":8},"end":{"line":126,"column":8}}]},"6":{"line":130,"type":"if","locations":[{"start":{"line":130,"column":8},"end":{"line":130,"column":8}},{"start":{"line":130,"column":8},"end":{"line":130,"column":8}}]},"7":{"line":135,"type":"if","locations":[{"start":{"line":135,"column":8},"end":{"line":135,"column":8}},{"start":{"line":135,"column":8},"end":{"line":135,"column":8}}]},"8":{"line":147,"type":"if","locations":[{"start":{"line":147,"column":8},"end":{"line":147,"column":8}},{"start":{"line":147,"column":8},"end":{"line":147,"column":8}}]},"9":{"line":182,"type":"if","locations":[{"start":{"line":182,"column":8},"end":{"line":182,"column":8}},{"start":{"line":182,"column":8},"end":{"line":182,"column":8}}]},"10":{"line":192,"type":"if","locations":[{"start":{"line":192,"column":12},"end":{"line":192,"column":12}},{"start":{"line":192,"column":12},"end":{"line":192,"column":12}}]},"11":{"line":193,"type":"if","locations":[{"start":{"line":193,"column":12},"end":{"line":193,"column":12}},{"start":{"line":193,"column":12},"end":{"line":193,"column":12}}]},"12":{"line":194,"type":"if","locations":[{"start":{"line":194,"column":12},"end":{"line":194,"column":12}},{"start":{"line":194,"column":12},"end":{"line":194,"column":12}}]},"13":{"line":203,"type":"if","locations":[{"start":{"line":203,"column":13},"end":{"line":203,"column":13}},{"start":{"line":203,"column":13},"end":{"line":203,"column":13}}]},"14":{"line":204,"type":"if","locations":[{"start":{"line":204,"column":17},"end":{"line":204,"column":17}},{"start":{"line":204,"column":17},"end":{"line":204,"column":17}}]},"15":{"line":212,"type":"if","locations":[{"start":{"line":212,"column":12},"end":{"line":212,"column":12}},{"start":{"line":212,"column":12},"end":{"line":212,"column":12}}]},"16":{"line":224,"type":"if","locations":[{"start":{"line":224,"column":70},"end":{"line":224,"column":85}},{"start":{"line":224,"column":89},"end":{"line":224,"column":107}}]},"17":{"line":235,"type":"if","locations":[{"start":{"line":235,"column":8},"end":{"line":235,"column":8}},{"start":{"line":235,"column":8},"end":{"line":235,"column":8}}]},"18":{"line":236,"type":"if","locations":[{"start":{"line":236,"column":8},"end":{"line":236,"column":8}},{"start":{"line":236,"column":8},"end":{"line":236,"column":8}}]},"19":{"line":248,"type":"if","locations":[{"start":{"line":248,"column":8},"end":{"line":248,"column":8}},{"start":{"line":248,"column":8},"end":{"line":248,"column":8}}]},"20":{"line":249,"type":"if","locations":[{"start":{"line":249,"column":8},"end":{"line":249,"column":8}},{"start":{"line":249,"column":8},"end":{"line":249,"column":8}}]},"21":{"line":267,"type":"if","locations":[{"start":{"line":267,"column":8},"end":{"line":267,"column":8}},{"start":{"line":267,"column":8},"end":{"line":267,"column":8}}]},"22":{"line":283,"type":"if","locations":[{"start":{"line":283,"column":8},"end":{"line":283,"column":8}},{"start":{"line":283,"column":8},"end":{"line":283,"column":8}}]},"23":{"line":284,"type":"if","locations":[{"start":{"line":284,"column":54},"end":{"line":284,"column":55}},{"start":{"line":284,"column":59},"end":{"line":284,"column":70}}]},"24":{"line":288,"type":"if","locations":[{"start":{"line":288,"column":8},"end":{"line":288,"column":8}},{"start":{"line":288,"column":8},"end":{"line":288,"column":8}}]},"25":{"line":289,"type":"if","locations":[{"start":{"line":289,"column":13},"end":{"line":289,"column":13}},{"start":{"line":289,"column":13},"end":{"line":289,"column":13}}]},"26":{"line":291,"type":"if","locations":[{"start":{"line":291,"column":16},"end":{"line":291,"column":16}},{"start":{"line":291,"column":16},"end":{"line":291,"column":16}}]},"27":{"line":294,"type":"if","locations":[{"start":{"line":294,"column":8},"end":{"line":294,"column":8}},{"start":{"line":294,"column":8},"end":{"line":294,"column":8}}]},"28":{"line":295,"type":"if","locations":[{"start":{"line":295,"column":13},"end":{"line":295,"column":13}},{"start":{"line":295,"column":13},"end":{"line":295,"column":13}}]},"29":{"line":305,"type":"if","locations":[{"start":{"line":305,"column":8},"end":{"line":305,"column":8}},{"start":{"line":305,"column":8},"end":{"line":305,"column":8}}]},"30":{"line":316,"type":"if","locations":[{"start":{"line":316,"column":8},"end":{"line":316,"column":8}},{"start":{"line":316,"column":8},"end":{"line":316,"column":8}}]},"31":{"line":318,"type":"if","locations":[{"start":{"line":318,"column":8},"end":{"line":318,"column":8}},{"start":{"line":318,"column":8},"end":{"line":318,"column":8}}]},"32":{"line":319,"type":"if","locations":[{"start":{"line":319,"column":8},"end":{"line":319,"column":8}},{"start":{"line":319,"column":8},"end":{"line":319,"column":8}}]},"33":{"line":320,"type":"if","locations":[{"start":{"line":320,"column":8},"end":{"line":320,"column":8}},{"start":{"line":320,"column":8},"end":{"line":320,"column":8}}]},"34":{"line":321,"type":"if","locations":[{"start":{"line":321,"column":8},"end":{"line":321,"column":8}},{"start":{"line":321,"column":8},"end":{"line":321,"column":8}}]},"35":{"line":336,"type":"if","locations":[{"start":{"line":336,"column":8},"end":{"line":336,"column":8}},{"start":{"line":336,"column":8},"end":{"line":336,"column":8}}]},"36":{"line":337,"type":"if","locations":[{"start":{"line":337,"column":8},"end":{"line":337,"column":8}},{"start":{"line":337,"column":8},"end":{"line":337,"column":8}}]},"37":{"line":338,"type":"if","locations":[{"start":{"line":338,"column":8},"end":{"line":338,"column":8}},{"start":{"line":338,"column":8},"end":{"line":338,"column":8}}]},"38":{"line":340,"type":"if","locations":[{"start":{"line":340,"column":8},"end":{"line":340,"column":8}},{"start":{"line":340,"column":8},"end":{"line":340,"column":8}}]},"39":{"line":342,"type":"if","locations":[{"start":{"line":342,"column":12},"end":{"line":342,"column":12}},{"start":{"line":342,"column":12},"end":{"line":342,"column":12}}]},"40":{"line":369,"type":"if","locations":[{"start":{"line":369,"column":8},"end":{"line":369,"column":8}},{"start":{"line":369,"column":8},"end":{"line":369,"column":8}}]},"41":{"line":373,"type":"if","locations":[{"start":{"line":373,"column":8},"end":{"line":373,"column":8}},{"start":{"line":373,"column":8},"end":{"line":373,"column":8}}]},"42":{"line":385,"type":"if","locations":[{"start":{"line":385,"column":62},"end":{"line":385,"column":62}},{"start":{"line":385,"column":62},"end":{"line":385,"column":62}}]},"43":{"line":401,"type":"if","locations":[{"start":{"line":401,"column":67},"end":{"line":401,"column":67}},{"start":{"line":401,"column":67},"end":{"line":401,"column":67}}]},"44":{"line":401,"type":"if","locations":[{"start":{"line":401,"column":79},"end":{"line":401,"column":79}},{"start":{"line":401,"column":79},"end":{"line":401,"column":79}}]},"45":{"line":402,"type":"if","locations":[{"start":{"line":402,"column":69},"end":{"line":402,"column":69}},{"start":{"line":402,"column":69},"end":{"line":402,"column":69}}]},"46":{"line":402,"type":"if","locations":[{"start":{"line":402,"column":81},"end":{"line":402,"column":81}},{"start":{"line":402,"column":81},"end":{"line":402,"column":81}}]},"47":{"line":402,"type":"if","locations":[{"start":{"line":402,"column":149},"end":{"line":402,"column":149}},{"start":{"line":402,"column":149},"end":{"line":402,"column":149}}]},"48":{"line":403,"type":"if","locations":[{"start":{"line":403,"column":75},"end":{"line":403,"column":75}},{"start":{"line":403,"column":75},"end":{"line":403,"column":75}}]},"49":{"line":403,"type":"if","locations":[{"start":{"line":403,"column":87},"end":{"line":403,"column":87}},{"start":{"line":403,"column":87},"end":{"line":403,"column":87}}]},"50":{"line":403,"type":"if","locations":[{"start":{"line":403,"column":146},"end":{"line":403,"column":146}},{"start":{"line":403,"column":146},"end":{"line":403,"column":146}}]},"51":{"line":404,"type":"if","locations":[{"start":{"line":404,"column":75},"end":{"line":404,"column":75}},{"start":{"line":404,"column":75},"end":{"line":404,"column":75}}]},"52":{"line":404,"type":"if","locations":[{"start":{"line":404,"column":87},"end":{"line":404,"column":87}},{"start":{"line":404,"column":87},"end":{"line":404,"column":87}}]},"53":{"line":405,"type":"if","locations":[{"start":{"line":405,"column":79},"end":{"line":405,"column":79}},{"start":{"line":405,"column":79},"end":{"line":405,"column":79}}]},"54":{"line":405,"type":"if","locations":[{"start":{"line":405,"column":91},"end":{"line":405,"column":91}},{"start":{"line":405,"column":91},"end":{"line":405,"column":91}}]}}}}
