TN:
SF:C:\Users\jesse\OneDrive\T3 Project\T3-Base\T3-Contract\contracts\T3Token.sol
FN:76,constructor
FN:93,transfer
FN:164,calculateTieredFee
FN:235,applyRiskAdjustments
FN:251,calculateRiskFactor
FN:282,applyCredits
FN:310,processFee
FN:333,calculateAdaptiveHalfLife
FN:369,updateRollingAverage
FN:390,reverseTransfer
FN:418,checkHalfLifeExpiry
FN:458,updateWalletRiskProfile
FN:480,flagAbnormalTransaction
FN:490,getAvailableCredits
FN:498,setTreasuryAddress
FN:507,setHalfLifeDuration
FN:517,setMinHalfLifeDuration
FN:527,setMaxHalfLifeDuration
FN:536,setInactivityResetPeriod
FNF:19
FNH:12
FNDA:23,constructor
FNDA:55,transfer
FNDA:63,calculateTieredFee
FNDA:55,applyRiskAdjustments
FNDA:112,calculateRiskFactor
FNDA:55,applyCredits
FNDA:55,processFee
FNDA:55,calculateAdaptiveHalfLife
FNDA:55,updateRollingAverage
FNDA:1,reverseTransfer
FNDA:0,checkHalfLifeExpiry
FNDA:2,updateWalletRiskProfile
FNDA:0,flagAbnormalTransaction
FNDA:6,getAvailableCredits
FNDA:0,setTreasuryAddress
FNDA:0,setHalfLifeDuration
FNDA:0,setMinHalfLifeDuration
FNDA:0,setMaxHalfLifeDuration
FNDA:0,setInactivityResetPeriod
DA:77,23
DA:78,23
DA:81,23
DA:84,23
DA:94,55
DA:95,55
DA:98,55
DA:100,0
DA:104,55
DA:107,55
DA:110,55
DA:113,55
DA:114,55
DA:115,55
DA:119,55
DA:120,0
DA:124,55
DA:125,55
DA:128,55
DA:129,55
DA:133,55
DA:136,55
DA:139,55
DA:150,55
DA:152,55
DA:153,55
DA:165,63
DA:167,63
DA:169,63
DA:170,63
DA:173,63
DA:175,63
DA:176,63
DA:178,63
DA:179,326
DA:180,326
DA:183,326
DA:185,326
DA:186,263
DA:187,263
DA:189,63
DA:190,63
DA:193,326
DA:194,326
DA:196,326
DA:199,326
DA:200,326
DA:203,0
DA:204,0
DA:205,0
DA:206,0
DA:208,0
DA:210,326
DA:213,326
DA:215,326
DA:219,0
DA:220,0
DA:225,63
DA:236,55
DA:237,55
DA:240,55
DA:243,55
DA:252,112
DA:255,112
DA:258,112
DA:259,50
DA:263,112
DA:264,2
DA:268,112
DA:271,112
DA:273,112
DA:283,55
DA:285,55
DA:286,23
DA:289,32
DA:291,0
DA:292,0
DA:293,0
DA:296,32
DA:297,32
DA:298,32
DA:299,32
DA:312,55
DA:313,55
DA:316,55
DA:317,55
DA:318,55
DA:321,55
DA:322,55
DA:323,55
DA:334,55
DA:337,55
DA:338,55
DA:340,55
DA:341,55
DA:345,55
DA:346,55
DA:347,7
DA:348,7
DA:350,0
DA:355,55
DA:356,0
DA:358,0
DA:361,55
DA:370,55
DA:373,55
DA:374,0
DA:375,0
DA:379,55
DA:380,55
DA:381,55
DA:391,1
DA:393,1
DA:394,1
DA:395,1
DA:396,1
DA:399,1
DA:402,1
DA:403,1
DA:406,1
DA:409,1
DA:411,1
DA:419,0
DA:421,0
DA:422,0
DA:423,0
DA:426,0
DA:428,0
DA:429,0
DA:432,0
DA:433,0
DA:435,0
DA:436,0
DA:438,0
DA:439,0
DA:443,0
DA:444,0
DA:447,0
DA:449,0
DA:459,2
DA:462,2
DA:463,2
DA:466,2
DA:467,2
DA:468,2
DA:473,2
DA:481,0
DA:482,0
DA:491,6
DA:499,0
DA:500,0
DA:508,0
DA:509,0
DA:510,0
DA:518,0
DA:519,0
DA:520,0
DA:528,0
DA:529,0
DA:537,0
DA:538,0
LF:161
LH:113
BRDA:77,1,0,23
BRDA:77,1,1,0
BRDA:94,2,0,55
BRDA:94,2,1,0
BRDA:95,3,0,55
BRDA:95,3,1,0
BRDA:98,4,0,0
BRDA:98,4,1,55
BRDA:114,5,0,55
BRDA:114,5,1,0
BRDA:119,6,0,0
BRDA:119,6,1,55
BRDA:128,7,0,55
BRDA:128,7,1,0
BRDA:165,8,0,0
BRDA:165,8,1,63
BRDA:183,9,0,0
BRDA:183,9,1,326
BRDA:185,10,0,263
BRDA:185,10,1,63
BRDA:200,11,0,0
BRDA:200,11,1,326
BRDA:203,12,0,0
BRDA:203,12,1,0
BRDA:215,13,0,0
BRDA:215,13,1,326
BRDA:240,14,0,48
BRDA:240,14,1,7
BRDA:258,15,0,50
BRDA:258,15,1,62
BRDA:263,16,0,2
BRDA:263,16,1,110
BRDA:285,17,0,23
BRDA:285,17,1,32
BRDA:289,18,0,0
BRDA:289,18,1,32
BRDA:338,19,0,55
BRDA:338,19,1,0
BRDA:340,20,0,0
BRDA:340,20,1,55
BRDA:346,21,0,7
BRDA:346,21,1,48
BRDA:348,22,0,0
BRDA:348,22,1,7
BRDA:355,23,0,0
BRDA:355,23,1,55
BRDA:357,24,0,0
BRDA:357,24,1,55
BRDA:373,25,0,0
BRDA:373,25,1,55
BRDA:393,26,0,1
BRDA:393,26,1,0
BRDA:393,27,0,1
BRDA:393,27,1,0
BRDA:394,28,0,1
BRDA:394,28,1,0
BRDA:395,29,0,1
BRDA:395,29,1,0
BRDA:396,30,0,1
BRDA:396,30,1,0
BRDA:421,31,0,0
BRDA:421,31,1,0
BRDA:422,32,0,0
BRDA:422,32,1,0
BRDA:423,33,0,0
BRDA:423,33,1,0
BRDA:426,34,0,0
BRDA:426,34,1,0
BRDA:462,35,0,2
BRDA:462,35,1,0
BRDA:466,36,0,2
BRDA:466,36,1,0
BRDA:480,37,0,0
BRDA:480,37,1,0
BRDA:498,38,0,0
BRDA:498,38,1,0
BRDA:499,39,0,0
BRDA:499,39,1,0
BRDA:507,40,0,0
BRDA:507,40,1,0
BRDA:508,41,0,0
BRDA:508,41,1,0
BRDA:509,42,0,0
BRDA:509,42,1,0
BRDA:517,43,0,0
BRDA:517,43,1,0
BRDA:518,44,0,0
BRDA:518,44,1,0
BRDA:519,45,0,0
BRDA:519,45,1,0
BRDA:527,46,0,0
BRDA:527,46,1,0
BRDA:528,47,0,0
BRDA:528,47,1,0
BRDA:536,48,0,0
BRDA:536,48,1,0
BRDA:537,49,0,0
BRDA:537,49,1,0
BRF:98
BRH:37
end_of_record
TN:
SF:C:\Users\jesse\OneDrive\T3 Project\T3-Base\T3-Contract\contracts\T3TokenTieredFeeTest.sol
FN:14,testTieredFeeCalculation
FN:34,testRiskAdjustments
FN:48,testCreditApplication
FN:61,testFeeDistribution
FN:74,testLoyaltyRefunds
FN:87,testFeeBounds
FN:100,testEndToEndTransaction
FNF:7
FNH:0
FNDA:0,testTieredFeeCalculation
FNDA:0,testRiskAdjustments
FNDA:0,testCreditApplication
FNDA:0,testFeeDistribution
FNDA:0,testLoyaltyRefunds
FNDA:0,testFeeBounds
FNDA:0,testEndToEndTransaction
DA:28,0
DA:42,0
DA:55,0
DA:68,0
DA:81,0
DA:94,0
DA:108,0
LF:7
LH:0
BRF:0
BRH:0
end_of_record
