TN:
SF:C:\Users\jesse\OneDrive\T3 Project\T3-Base\T3-Contract\contracts\T3Token.sol
FN:78,constructor
FN:96,transfer
FN:206,calculateTieredFee
FN:250,applyRiskAdjustments
FN:279,calculateRiskFactor
FN:336,applyCredits
FN:387,processFee
FN:428,calculateAdaptiveHalfLife
FN:453,updateRollingAverage
FN:468,reverseTransfer
FN:488,checkHalfLifeExpiry
FN:518,updateWalletRiskProfile
FN:543,flagAbnormalTransaction
FN:557,getAvailableCredits
FN:562,setTreasuryAddress
FN:563,setHalfLifeDuration
FN:564,setMinHalfLifeDuration
FN:565,setMaxHalfLifeDuration
FN:566,setInactivityResetPeriod
FNF:19
FNH:16
FNDA:58,constructor
FNDA:122,transfer
FNDA:130,calculateTieredFee
FNDA:120,applyRiskAdjustments
FNDA:488,calculateRiskFactor
FNDA:120,applyCredits
FNDA:119,processFee
FNDA:120,calculateAdaptiveHalfLife
FNDA:120,updateRollingAverage
FNDA:0,reverseTransfer
FNDA:0,checkHalfLifeExpiry
FNDA:241,updateWalletRiskProfile
FNDA:1,flagAbnormalTransaction
FNDA:0,getAvailableCredits
FNDA:2,setTreasuryAddress
FNDA:3,setHalfLifeDuration
FNDA:3,setMinHalfLifeDuration
FNDA:2,setMaxHalfLifeDuration
FNDA:2,setInactivityResetPeriod
DA:79,58
DA:80,58
DA:83,58
DA:86,58
DA:97,122
DA:98,121
DA:100,120
DA:107,120
DA:108,120
DA:112,120
DA:114,0
DA:119,120
DA:123,120
DA:127,120
DA:131,120
DA:134,120
DA:135,120
DA:137,119
DA:141,120
DA:142,120
DA:144,0
DA:149,120
DA:151,0
DA:157,120
DA:161,120
DA:165,120
DA:167,119
DA:173,120
DA:176,120
DA:179,120
DA:191,120
DA:194,120
DA:196,120
DA:208,130
DA:209,130
DA:210,130
DA:211,130
DA:212,130
DA:213,130
DA:214,130
DA:215,130
DA:216,596
DA:217,596
DA:218,596
DA:219,596
DA:220,596
DA:225,596
DA:226,596
DA:227,596
DA:228,596
DA:229,596
DA:230,0
DA:231,0
DA:234,0
DA:236,596
DA:237,596
DA:238,596
DA:240,130
DA:257,120
DA:260,120
DA:264,120
DA:268,120
DA:271,120
DA:284,488
DA:293,488
DA:298,488
DA:299,488
DA:304,488
DA:305,0
DA:310,488
DA:311,488
DA:312,0
DA:318,488
DA:319,488
DA:320,1
DA:327,488
DA:337,120
DA:344,120
DA:348,58
DA:351,62
DA:354,1
DA:355,1
DA:362,1
DA:366,61
DA:367,61
DA:368,61
DA:369,61
DA:376,61
DA:395,119
DA:396,119
DA:397,119
DA:402,119
DA:404,119
DA:405,119
DA:411,119
DA:413,119
DA:414,119
DA:430,120
DA:431,120
DA:432,120
DA:433,120
DA:434,120
DA:436,120
DA:437,120
DA:438,1
DA:439,1
DA:440,1
DA:443,120
DA:445,120
DA:455,120
DA:456,120
DA:470,0
DA:471,0
DA:472,0
DA:473,0
DA:474,0
DA:475,0
DA:476,0
DA:477,0
DA:478,0
DA:479,0
DA:480,0
DA:481,0
DA:490,0
DA:491,0
DA:492,0
DA:493,0
DA:494,0
DA:495,0
DA:496,0
DA:497,0
DA:498,0
DA:499,0
DA:500,0
DA:501,0
DA:502,0
DA:503,0
DA:506,0
DA:507,0
DA:508,0
DA:509,0
DA:520,241
DA:525,241
DA:526,116
DA:529,241
DA:530,0
DA:531,0
DA:535,241
DA:545,1
DA:547,1
DA:558,0
LF:151
LH:110
BRDA:79,1,0,58
BRDA:79,1,1,0
BRDA:97,2,0,121
BRDA:97,2,1,1
BRDA:98,3,0,120
BRDA:98,3,1,1
BRDA:112,4,0,0
BRDA:112,4,1,120
BRDA:135,5,0,119
BRDA:135,5,1,1
BRDA:142,6,0,0
BRDA:142,6,1,120
BRDA:149,7,0,0
BRDA:149,7,1,120
BRDA:165,8,0,119
BRDA:165,8,1,1
BRDA:208,9,0,0
BRDA:208,9,1,130
BRDA:218,10,0,0
BRDA:218,10,1,596
BRDA:219,11,0,0
BRDA:219,11,1,596
BRDA:220,12,0,466
BRDA:220,12,1,130
BRDA:229,13,0,0
BRDA:229,13,1,596
BRDA:230,14,0,0
BRDA:230,14,1,0
BRDA:238,15,0,0
BRDA:238,15,1,596
BRDA:264,16,0,0
BRDA:264,16,1,120
BRDA:298,17,0,488
BRDA:298,17,1,0
BRDA:304,18,0,0
BRDA:304,18,1,488
BRDA:311,19,0,0
BRDA:311,19,1,488
BRDA:319,20,0,1
BRDA:319,20,1,487
BRDA:344,21,0,58
BRDA:344,21,1,62
BRDA:351,22,0,1
BRDA:351,22,1,61
BRDA:396,23,0,119
BRDA:396,23,1,0
BRDA:432,24,0,120
BRDA:432,24,1,0
BRDA:433,25,0,0
BRDA:433,25,1,120
BRDA:437,26,0,1
BRDA:437,26,1,119
BRDA:438,27,0,1
BRDA:438,27,1,0
BRDA:440,28,0,0
BRDA:440,28,1,1
BRDA:443,29,0,0
BRDA:443,29,1,120
BRDA:444,30,0,0
BRDA:444,30,1,120
BRDA:456,31,0,0
BRDA:456,31,1,120
BRDA:470,32,0,0
BRDA:470,32,1,0
BRDA:472,33,0,0
BRDA:472,33,1,0
BRDA:473,34,0,0
BRDA:473,34,1,0
BRDA:474,35,0,0
BRDA:474,35,1,0
BRDA:475,36,0,0
BRDA:475,36,1,0
BRDA:491,37,0,0
BRDA:491,37,1,0
BRDA:492,38,0,0
BRDA:492,38,1,0
BRDA:493,39,0,0
BRDA:493,39,1,0
BRDA:495,40,0,0
BRDA:495,40,1,0
BRDA:497,41,0,0
BRDA:497,41,1,0
BRDA:525,42,0,116
BRDA:525,42,1,125
BRDA:529,43,0,0
BRDA:529,43,1,241
BRDA:543,44,0,1
BRDA:543,44,1,1
BRDA:562,45,0,2
BRDA:562,45,1,1
BRDA:562,46,0,1
BRDA:562,46,1,1
BRDA:563,47,0,3
BRDA:563,47,1,1
BRDA:563,48,0,2
BRDA:563,48,1,1
BRDA:563,49,0,1
BRDA:563,49,1,1
BRDA:564,50,0,3
BRDA:564,50,1,1
BRDA:564,51,0,2
BRDA:564,51,1,1
BRDA:564,52,0,1
BRDA:564,52,1,1
BRDA:565,53,0,2
BRDA:565,53,1,1
BRDA:565,54,0,1
BRDA:565,54,1,1
BRDA:566,55,0,2
BRDA:566,55,1,1
BRDA:566,56,0,1
BRDA:566,56,1,1
BRF:112
BRH:68
end_of_record
